   0  $accept : %entry% $end

   1  topLevel : letBinding topLevel
   2           | typeAnn letBinding topLevel
   3           | letBinding
   4           | typeAnn letBinding

   5  letBinding : LET REC binding
   6             | LET REC binding WHERE wheres
   7             | LET binding
   8             | LET binding WHERE wheres

   9  wheres : binding AND wheres
  10         | binding

  11  binding : VARIABLE EQUALS expr
  12          | VARIABLE binding
  13          | LPAREN VARIABLE COMMA multVars RPAREN EQUALS expr
  14          | LPAREN VARIABLE DCOLON consVars RPAREN EQUALS expr

  15  typeAnn : VAL VARIABLE COLON monoType

  16  monoType : TYPE
  17           | UNIT
  18           | LIST monoType
  19           | TYPEVAR
  20           | LPAREN monoType RPAREN
  21           | monoType ARROW monoType

  22  expr : call
  23       | expr COLON monoType
  24       | LAMBDA lambda
  25       | letBinding IN expr
  26       | expr PLUS expr
  27       | expr MINUS expr
  28       | expr TIMES expr
  29       | expr DIV expr
  30       | expr MOD expr
  31       | expr FPLUS expr
  32       | expr FMINUS expr
  33       | expr FTIMES expr
  34       | expr FDIV expr
  35       | expr FMOD expr
  36       | expr BAND expr
  37       | expr BOR expr
  38       | expr DCOLON expr
  39       | expr DOUBLEEQUALS expr
  40       | expr LT expr
  41       | expr LTE expr
  42       | expr GT expr
  43       | expr GTE expr
  44       | BNOT expr
  45       | IF expr THEN expr ELSE expr
  46       | MATCH expr WITH patternMatrix SEMICOLON
  47       | PRINT expr
  48       | ORD expr
  49       | CHR expr
  50       | SITOFP expr
  51       | FPTOSI expr

  52  multVars : VARIABLE COMMA multVars
  53           | VARIABLE

  54  consVars : VARIABLE DCOLON consVars
  55           | VARIABLE

  56  lst :
  57      | expr
  58      | expr COMMA lst

  59  patternMatrix : GUARD expr DARROW expr
  60                | GUARD OTHERWISE DARROW expr
  61                | GUARD expr DARROW expr patternMatrix

  62  lambda : VARIABLE ARROW expr
  63         | VARIABLE lambda

  64  call : arg
  65       | call arg

  66  arg : LITERAL
  67      | CLITERAL
  68      | FLITERAL
  69      | TRUE
  70      | FALSE
  71      | VARIABLE
  72      | UNIT
  73      | LPAREN expr RPAREN
  74      | LBRACKET lst RBRACKET
  75      | GUARDDOT expr DOTGUARD

  76  %entry% : '\001' topLevel

state 0
	$accept : . %entry% $end  (0)

	'\001'  shift 1
	.  error

	%entry%  goto 2


state 1
	%entry% : '\001' . topLevel  (76)

	LET  shift 3
	VAL  shift 4
	.  error

	topLevel  goto 5
	letBinding  goto 6
	typeAnn  goto 7


state 2
	$accept : %entry% . $end  (0)

	$end  accept


state 3
	letBinding : LET . REC binding  (5)
	letBinding : LET . REC binding WHERE wheres  (6)
	letBinding : LET . binding  (7)
	letBinding : LET . binding WHERE wheres  (8)

	LPAREN  shift 8
	REC  shift 9
	VARIABLE  shift 10
	.  error

	binding  goto 11


state 4
	typeAnn : VAL . VARIABLE COLON monoType  (15)

	VARIABLE  shift 12
	.  error


state 5
	%entry% : '\001' topLevel .  (76)

	.  reduce 76


state 6
	topLevel : letBinding . topLevel  (1)
	topLevel : letBinding .  (3)

	LET  shift 3
	VAL  shift 4
	$end  reduce 3

	topLevel  goto 13
	letBinding  goto 6
	typeAnn  goto 7


state 7
	topLevel : typeAnn . letBinding topLevel  (2)
	topLevel : typeAnn . letBinding  (4)

	LET  shift 3
	.  error

	letBinding  goto 14


state 8
	binding : LPAREN . VARIABLE COMMA multVars RPAREN EQUALS expr  (13)
	binding : LPAREN . VARIABLE DCOLON consVars RPAREN EQUALS expr  (14)

	VARIABLE  shift 15
	.  error


state 9
	letBinding : LET REC . binding  (5)
	letBinding : LET REC . binding WHERE wheres  (6)

	LPAREN  shift 8
	VARIABLE  shift 10
	.  error

	binding  goto 16


state 10
	binding : VARIABLE . EQUALS expr  (11)
	binding : VARIABLE . binding  (12)

	LPAREN  shift 8
	EQUALS  shift 17
	VARIABLE  shift 10
	.  error

	binding  goto 18


state 11
	letBinding : LET binding .  (7)
	letBinding : LET binding . WHERE wheres  (8)

	WHERE  shift 19
	$end  reduce 7
	LET  reduce 7
	IN  reduce 7
	VAL  reduce 7


state 12
	typeAnn : VAL VARIABLE . COLON monoType  (15)

	COLON  shift 20
	.  error


state 13
	topLevel : letBinding topLevel .  (1)

	.  reduce 1


state 14
	topLevel : typeAnn letBinding . topLevel  (2)
	topLevel : typeAnn letBinding .  (4)

	LET  shift 3
	VAL  shift 4
	$end  reduce 4

	topLevel  goto 21
	letBinding  goto 6
	typeAnn  goto 7


state 15
	binding : LPAREN VARIABLE . COMMA multVars RPAREN EQUALS expr  (13)
	binding : LPAREN VARIABLE . DCOLON consVars RPAREN EQUALS expr  (14)

	COMMA  shift 22
	DCOLON  shift 23
	.  error


state 16
	letBinding : LET REC binding .  (5)
	letBinding : LET REC binding . WHERE wheres  (6)

	WHERE  shift 24
	$end  reduce 5
	LET  reduce 5
	IN  reduce 5
	VAL  reduce 5


state 17
	binding : VARIABLE EQUALS . expr  (11)

	MATCH  shift 25
	LPAREN  shift 26
	LBRACKET  shift 27
	GUARDDOT  shift 28
	LAMBDA  shift 29
	LET  shift 3
	IF  shift 30
	TRUE  shift 31
	FALSE  shift 32
	PRINT  shift 33
	ORD  shift 34
	CHR  shift 35
	FPTOSI  shift 36
	SITOFP  shift 37
	BNOT  shift 38
	UNIT  shift 39
	LITERAL  shift 40
	CLITERAL  shift 41
	FLITERAL  shift 42
	VARIABLE  shift 43
	.  error

	letBinding  goto 44
	expr  goto 45
	call  goto 46
	arg  goto 47


state 18
	binding : VARIABLE binding .  (12)

	.  reduce 12


state 19
	letBinding : LET binding WHERE . wheres  (8)

	LPAREN  shift 8
	VARIABLE  shift 10
	.  error

	wheres  goto 48
	binding  goto 49


state 20
	typeAnn : VAL VARIABLE COLON . monoType  (15)

	LPAREN  shift 50
	UNIT  shift 51
	LIST  shift 52
	TYPE  shift 53
	TYPEVAR  shift 54
	.  error

	monoType  goto 55


state 21
	topLevel : typeAnn letBinding topLevel .  (2)

	.  reduce 2


state 22
	binding : LPAREN VARIABLE COMMA . multVars RPAREN EQUALS expr  (13)

	VARIABLE  shift 56
	.  error

	multVars  goto 57


state 23
	binding : LPAREN VARIABLE DCOLON . consVars RPAREN EQUALS expr  (14)

	VARIABLE  shift 58
	.  error

	consVars  goto 59


state 24
	letBinding : LET REC binding WHERE . wheres  (6)

	LPAREN  shift 8
	VARIABLE  shift 10
	.  error

	wheres  goto 60
	binding  goto 49


state 25
	expr : MATCH . expr WITH patternMatrix SEMICOLON  (46)

	MATCH  shift 25
	LPAREN  shift 26
	LBRACKET  shift 27
	GUARDDOT  shift 28
	LAMBDA  shift 29
	LET  shift 3
	IF  shift 30
	TRUE  shift 31
	FALSE  shift 32
	PRINT  shift 33
	ORD  shift 34
	CHR  shift 35
	FPTOSI  shift 36
	SITOFP  shift 37
	BNOT  shift 38
	UNIT  shift 39
	LITERAL  shift 40
	CLITERAL  shift 41
	FLITERAL  shift 42
	VARIABLE  shift 43
	.  error

	letBinding  goto 44
	expr  goto 61
	call  goto 46
	arg  goto 47


state 26
	arg : LPAREN . expr RPAREN  (73)

	MATCH  shift 25
	LPAREN  shift 26
	LBRACKET  shift 27
	GUARDDOT  shift 28
	LAMBDA  shift 29
	LET  shift 3
	IF  shift 30
	TRUE  shift 31
	FALSE  shift 32
	PRINT  shift 33
	ORD  shift 34
	CHR  shift 35
	FPTOSI  shift 36
	SITOFP  shift 37
	BNOT  shift 38
	UNIT  shift 39
	LITERAL  shift 40
	CLITERAL  shift 41
	FLITERAL  shift 42
	VARIABLE  shift 43
	.  error

	letBinding  goto 44
	expr  goto 62
	call  goto 46
	arg  goto 47


state 27
	arg : LBRACKET . lst RBRACKET  (74)
	lst : .  (56)

	MATCH  shift 25
	LPAREN  shift 26
	LBRACKET  shift 27
	GUARDDOT  shift 28
	LAMBDA  shift 29
	LET  shift 3
	IF  shift 30
	TRUE  shift 31
	FALSE  shift 32
	PRINT  shift 33
	ORD  shift 34
	CHR  shift 35
	FPTOSI  shift 36
	SITOFP  shift 37
	BNOT  shift 38
	UNIT  shift 39
	LITERAL  shift 40
	CLITERAL  shift 41
	FLITERAL  shift 42
	VARIABLE  shift 43
	RBRACKET  reduce 56

	letBinding  goto 44
	expr  goto 63
	call  goto 46
	arg  goto 47
	lst  goto 64


state 28
	arg : GUARDDOT . expr DOTGUARD  (75)

	MATCH  shift 25
	LPAREN  shift 26
	LBRACKET  shift 27
	GUARDDOT  shift 28
	LAMBDA  shift 29
	LET  shift 3
	IF  shift 30
	TRUE  shift 31
	FALSE  shift 32
	PRINT  shift 33
	ORD  shift 34
	CHR  shift 35
	FPTOSI  shift 36
	SITOFP  shift 37
	BNOT  shift 38
	UNIT  shift 39
	LITERAL  shift 40
	CLITERAL  shift 41
	FLITERAL  shift 42
	VARIABLE  shift 43
	.  error

	letBinding  goto 44
	expr  goto 65
	call  goto 46
	arg  goto 47


state 29
	expr : LAMBDA . lambda  (24)

	VARIABLE  shift 66
	.  error

	lambda  goto 67


state 30
	expr : IF . expr THEN expr ELSE expr  (45)

	MATCH  shift 25
	LPAREN  shift 26
	LBRACKET  shift 27
	GUARDDOT  shift 28
	LAMBDA  shift 29
	LET  shift 3
	IF  shift 30
	TRUE  shift 31
	FALSE  shift 32
	PRINT  shift 33
	ORD  shift 34
	CHR  shift 35
	FPTOSI  shift 36
	SITOFP  shift 37
	BNOT  shift 38
	UNIT  shift 39
	LITERAL  shift 40
	CLITERAL  shift 41
	FLITERAL  shift 42
	VARIABLE  shift 43
	.  error

	letBinding  goto 44
	expr  goto 68
	call  goto 46
	arg  goto 47


state 31
	arg : TRUE .  (69)

	.  reduce 69


state 32
	arg : FALSE .  (70)

	.  reduce 70


state 33
	expr : PRINT . expr  (47)

	MATCH  shift 25
	LPAREN  shift 26
	LBRACKET  shift 27
	GUARDDOT  shift 28
	LAMBDA  shift 29
	LET  shift 3
	IF  shift 30
	TRUE  shift 31
	FALSE  shift 32
	PRINT  shift 33
	ORD  shift 34
	CHR  shift 35
	FPTOSI  shift 36
	SITOFP  shift 37
	BNOT  shift 38
	UNIT  shift 39
	LITERAL  shift 40
	CLITERAL  shift 41
	FLITERAL  shift 42
	VARIABLE  shift 43
	.  error

	letBinding  goto 44
	expr  goto 69
	call  goto 46
	arg  goto 47


state 34
	expr : ORD . expr  (48)

	MATCH  shift 25
	LPAREN  shift 26
	LBRACKET  shift 27
	GUARDDOT  shift 28
	LAMBDA  shift 29
	LET  shift 3
	IF  shift 30
	TRUE  shift 31
	FALSE  shift 32
	PRINT  shift 33
	ORD  shift 34
	CHR  shift 35
	FPTOSI  shift 36
	SITOFP  shift 37
	BNOT  shift 38
	UNIT  shift 39
	LITERAL  shift 40
	CLITERAL  shift 41
	FLITERAL  shift 42
	VARIABLE  shift 43
	.  error

	letBinding  goto 44
	expr  goto 70
	call  goto 46
	arg  goto 47


state 35
	expr : CHR . expr  (49)

	MATCH  shift 25
	LPAREN  shift 26
	LBRACKET  shift 27
	GUARDDOT  shift 28
	LAMBDA  shift 29
	LET  shift 3
	IF  shift 30
	TRUE  shift 31
	FALSE  shift 32
	PRINT  shift 33
	ORD  shift 34
	CHR  shift 35
	FPTOSI  shift 36
	SITOFP  shift 37
	BNOT  shift 38
	UNIT  shift 39
	LITERAL  shift 40
	CLITERAL  shift 41
	FLITERAL  shift 42
	VARIABLE  shift 43
	.  error

	letBinding  goto 44
	expr  goto 71
	call  goto 46
	arg  goto 47


state 36
	expr : FPTOSI . expr  (51)

	MATCH  shift 25
	LPAREN  shift 26
	LBRACKET  shift 27
	GUARDDOT  shift 28
	LAMBDA  shift 29
	LET  shift 3
	IF  shift 30
	TRUE  shift 31
	FALSE  shift 32
	PRINT  shift 33
	ORD  shift 34
	CHR  shift 35
	FPTOSI  shift 36
	SITOFP  shift 37
	BNOT  shift 38
	UNIT  shift 39
	LITERAL  shift 40
	CLITERAL  shift 41
	FLITERAL  shift 42
	VARIABLE  shift 43
	.  error

	letBinding  goto 44
	expr  goto 72
	call  goto 46
	arg  goto 47


state 37
	expr : SITOFP . expr  (50)

	MATCH  shift 25
	LPAREN  shift 26
	LBRACKET  shift 27
	GUARDDOT  shift 28
	LAMBDA  shift 29
	LET  shift 3
	IF  shift 30
	TRUE  shift 31
	FALSE  shift 32
	PRINT  shift 33
	ORD  shift 34
	CHR  shift 35
	FPTOSI  shift 36
	SITOFP  shift 37
	BNOT  shift 38
	UNIT  shift 39
	LITERAL  shift 40
	CLITERAL  shift 41
	FLITERAL  shift 42
	VARIABLE  shift 43
	.  error

	letBinding  goto 44
	expr  goto 73
	call  goto 46
	arg  goto 47


state 38
	expr : BNOT . expr  (44)

	MATCH  shift 25
	LPAREN  shift 26
	LBRACKET  shift 27
	GUARDDOT  shift 28
	LAMBDA  shift 29
	LET  shift 3
	IF  shift 30
	TRUE  shift 31
	FALSE  shift 32
	PRINT  shift 33
	ORD  shift 34
	CHR  shift 35
	FPTOSI  shift 36
	SITOFP  shift 37
	BNOT  shift 38
	UNIT  shift 39
	LITERAL  shift 40
	CLITERAL  shift 41
	FLITERAL  shift 42
	VARIABLE  shift 43
	.  error

	letBinding  goto 44
	expr  goto 74
	call  goto 46
	arg  goto 47


state 39
	arg : UNIT .  (72)

	.  reduce 72


state 40
	arg : LITERAL .  (66)

	.  reduce 66


state 41
	arg : CLITERAL .  (67)

	.  reduce 67


state 42
	arg : FLITERAL .  (68)

	.  reduce 68


state 43
	arg : VARIABLE .  (71)

	.  reduce 71


state 44
	expr : letBinding . IN expr  (25)

	IN  shift 75
	.  error


state 45
	binding : VARIABLE EQUALS expr .  (11)
	expr : expr . COLON monoType  (23)
	expr : expr . PLUS expr  (26)
	expr : expr . MINUS expr  (27)
	expr : expr . TIMES expr  (28)
	expr : expr . DIV expr  (29)
	expr : expr . MOD expr  (30)
	expr : expr . FPLUS expr  (31)
	expr : expr . FMINUS expr  (32)
	expr : expr . FTIMES expr  (33)
	expr : expr . FDIV expr  (34)
	expr : expr . FMOD expr  (35)
	expr : expr . BAND expr  (36)
	expr : expr . BOR expr  (37)
	expr : expr . DCOLON expr  (38)
	expr : expr . DOUBLEEQUALS expr  (39)
	expr : expr . LT expr  (40)
	expr : expr . LTE expr  (41)
	expr : expr . GT expr  (42)
	expr : expr . GTE expr  (43)

	PLUS  shift 76
	MINUS  shift 77
	TIMES  shift 78
	DIV  shift 79
	MOD  shift 80
	FPLUS  shift 81
	FMINUS  shift 82
	FDIV  shift 83
	FTIMES  shift 84
	FMOD  shift 85
	COLON  shift 86
	DCOLON  shift 87
	BAND  shift 88
	BOR  shift 89
	DOUBLEEQUALS  shift 90
	LT  shift 91
	LTE  shift 92
	GT  shift 93
	GTE  shift 94
	$end  reduce 11
	LET  reduce 11
	WHERE  reduce 11
	AND  reduce 11
	IN  reduce 11
	VAL  reduce 11


state 46
	expr : call .  (22)
	call : call . arg  (65)

	LPAREN  shift 26
	LBRACKET  shift 27
	GUARDDOT  shift 28
	TRUE  shift 31
	FALSE  shift 32
	UNIT  shift 39
	LITERAL  shift 40
	CLITERAL  shift 41
	FLITERAL  shift 42
	VARIABLE  shift 43
	$end  reduce 22
	WITH  reduce 22
	GUARD  reduce 22
	SEMICOLON  reduce 22
	RPAREN  reduce 22
	RBRACKET  reduce 22
	COMMA  reduce 22
	DOTGUARD  reduce 22
	DARROW  reduce 22
	PLUS  reduce 22
	MINUS  reduce 22
	TIMES  reduce 22
	DIV  reduce 22
	MOD  reduce 22
	FPLUS  reduce 22
	FMINUS  reduce 22
	FDIV  reduce 22
	FTIMES  reduce 22
	FMOD  reduce 22
	LET  reduce 22
	WHERE  reduce 22
	AND  reduce 22
	IN  reduce 22
	THEN  reduce 22
	ELSE  reduce 22
	VAL  reduce 22
	COLON  reduce 22
	DCOLON  reduce 22
	BAND  reduce 22
	BOR  reduce 22
	DOUBLEEQUALS  reduce 22
	LT  reduce 22
	LTE  reduce 22
	GT  reduce 22
	GTE  reduce 22

	arg  goto 95


state 47
	call : arg .  (64)

	.  reduce 64


state 48
	letBinding : LET binding WHERE wheres .  (8)

	.  reduce 8


state 49
	wheres : binding . AND wheres  (9)
	wheres : binding .  (10)

	AND  shift 96
	$end  reduce 10
	LET  reduce 10
	IN  reduce 10
	VAL  reduce 10


state 50
	monoType : LPAREN . monoType RPAREN  (20)

	LPAREN  shift 50
	UNIT  shift 51
	LIST  shift 52
	TYPE  shift 53
	TYPEVAR  shift 54
	.  error

	monoType  goto 97


state 51
	monoType : UNIT .  (17)

	.  reduce 17


state 52
	monoType : LIST . monoType  (18)

	LPAREN  shift 50
	UNIT  shift 51
	LIST  shift 52
	TYPE  shift 53
	TYPEVAR  shift 54
	.  error

	monoType  goto 98


state 53
	monoType : TYPE .  (16)

	.  reduce 16


state 54
	monoType : TYPEVAR .  (19)

	.  reduce 19


state 55
	typeAnn : VAL VARIABLE COLON monoType .  (15)
	monoType : monoType . ARROW monoType  (21)

	ARROW  shift 99
	LET  reduce 15


state 56
	multVars : VARIABLE . COMMA multVars  (52)
	multVars : VARIABLE .  (53)

	COMMA  shift 100
	RPAREN  reduce 53


state 57
	binding : LPAREN VARIABLE COMMA multVars . RPAREN EQUALS expr  (13)

	RPAREN  shift 101
	.  error


state 58
	consVars : VARIABLE . DCOLON consVars  (54)
	consVars : VARIABLE .  (55)

	DCOLON  shift 102
	RPAREN  reduce 55


state 59
	binding : LPAREN VARIABLE DCOLON consVars . RPAREN EQUALS expr  (14)

	RPAREN  shift 103
	.  error


state 60
	letBinding : LET REC binding WHERE wheres .  (6)

	.  reduce 6


state 61
	expr : expr . COLON monoType  (23)
	expr : expr . PLUS expr  (26)
	expr : expr . MINUS expr  (27)
	expr : expr . TIMES expr  (28)
	expr : expr . DIV expr  (29)
	expr : expr . MOD expr  (30)
	expr : expr . FPLUS expr  (31)
	expr : expr . FMINUS expr  (32)
	expr : expr . FTIMES expr  (33)
	expr : expr . FDIV expr  (34)
	expr : expr . FMOD expr  (35)
	expr : expr . BAND expr  (36)
	expr : expr . BOR expr  (37)
	expr : expr . DCOLON expr  (38)
	expr : expr . DOUBLEEQUALS expr  (39)
	expr : expr . LT expr  (40)
	expr : expr . LTE expr  (41)
	expr : expr . GT expr  (42)
	expr : expr . GTE expr  (43)
	expr : MATCH expr . WITH patternMatrix SEMICOLON  (46)

	WITH  shift 104
	PLUS  shift 76
	MINUS  shift 77
	TIMES  shift 78
	DIV  shift 79
	MOD  shift 80
	FPLUS  shift 81
	FMINUS  shift 82
	FDIV  shift 83
	FTIMES  shift 84
	FMOD  shift 85
	COLON  shift 86
	DCOLON  shift 87
	BAND  shift 88
	BOR  shift 89
	DOUBLEEQUALS  shift 90
	LT  shift 91
	LTE  shift 92
	GT  shift 93
	GTE  shift 94
	.  error


state 62
	expr : expr . COLON monoType  (23)
	expr : expr . PLUS expr  (26)
	expr : expr . MINUS expr  (27)
	expr : expr . TIMES expr  (28)
	expr : expr . DIV expr  (29)
	expr : expr . MOD expr  (30)
	expr : expr . FPLUS expr  (31)
	expr : expr . FMINUS expr  (32)
	expr : expr . FTIMES expr  (33)
	expr : expr . FDIV expr  (34)
	expr : expr . FMOD expr  (35)
	expr : expr . BAND expr  (36)
	expr : expr . BOR expr  (37)
	expr : expr . DCOLON expr  (38)
	expr : expr . DOUBLEEQUALS expr  (39)
	expr : expr . LT expr  (40)
	expr : expr . LTE expr  (41)
	expr : expr . GT expr  (42)
	expr : expr . GTE expr  (43)
	arg : LPAREN expr . RPAREN  (73)

	RPAREN  shift 105
	PLUS  shift 76
	MINUS  shift 77
	TIMES  shift 78
	DIV  shift 79
	MOD  shift 80
	FPLUS  shift 81
	FMINUS  shift 82
	FDIV  shift 83
	FTIMES  shift 84
	FMOD  shift 85
	COLON  shift 86
	DCOLON  shift 87
	BAND  shift 88
	BOR  shift 89
	DOUBLEEQUALS  shift 90
	LT  shift 91
	LTE  shift 92
	GT  shift 93
	GTE  shift 94
	.  error


state 63
	expr : expr . COLON monoType  (23)
	expr : expr . PLUS expr  (26)
	expr : expr . MINUS expr  (27)
	expr : expr . TIMES expr  (28)
	expr : expr . DIV expr  (29)
	expr : expr . MOD expr  (30)
	expr : expr . FPLUS expr  (31)
	expr : expr . FMINUS expr  (32)
	expr : expr . FTIMES expr  (33)
	expr : expr . FDIV expr  (34)
	expr : expr . FMOD expr  (35)
	expr : expr . BAND expr  (36)
	expr : expr . BOR expr  (37)
	expr : expr . DCOLON expr  (38)
	expr : expr . DOUBLEEQUALS expr  (39)
	expr : expr . LT expr  (40)
	expr : expr . LTE expr  (41)
	expr : expr . GT expr  (42)
	expr : expr . GTE expr  (43)
	lst : expr .  (57)
	lst : expr . COMMA lst  (58)

	COMMA  shift 106
	PLUS  shift 76
	MINUS  shift 77
	TIMES  shift 78
	DIV  shift 79
	MOD  shift 80
	FPLUS  shift 81
	FMINUS  shift 82
	FDIV  shift 83
	FTIMES  shift 84
	FMOD  shift 85
	COLON  shift 86
	DCOLON  shift 87
	BAND  shift 88
	BOR  shift 89
	DOUBLEEQUALS  shift 90
	LT  shift 91
	LTE  shift 92
	GT  shift 93
	GTE  shift 94
	RBRACKET  reduce 57


state 64
	arg : LBRACKET lst . RBRACKET  (74)

	RBRACKET  shift 107
	.  error


state 65
	expr : expr . COLON monoType  (23)
	expr : expr . PLUS expr  (26)
	expr : expr . MINUS expr  (27)
	expr : expr . TIMES expr  (28)
	expr : expr . DIV expr  (29)
	expr : expr . MOD expr  (30)
	expr : expr . FPLUS expr  (31)
	expr : expr . FMINUS expr  (32)
	expr : expr . FTIMES expr  (33)
	expr : expr . FDIV expr  (34)
	expr : expr . FMOD expr  (35)
	expr : expr . BAND expr  (36)
	expr : expr . BOR expr  (37)
	expr : expr . DCOLON expr  (38)
	expr : expr . DOUBLEEQUALS expr  (39)
	expr : expr . LT expr  (40)
	expr : expr . LTE expr  (41)
	expr : expr . GT expr  (42)
	expr : expr . GTE expr  (43)
	arg : GUARDDOT expr . DOTGUARD  (75)

	DOTGUARD  shift 108
	PLUS  shift 76
	MINUS  shift 77
	TIMES  shift 78
	DIV  shift 79
	MOD  shift 80
	FPLUS  shift 81
	FMINUS  shift 82
	FDIV  shift 83
	FTIMES  shift 84
	FMOD  shift 85
	COLON  shift 86
	DCOLON  shift 87
	BAND  shift 88
	BOR  shift 89
	DOUBLEEQUALS  shift 90
	LT  shift 91
	LTE  shift 92
	GT  shift 93
	GTE  shift 94
	.  error


state 66
	lambda : VARIABLE . ARROW expr  (62)
	lambda : VARIABLE . lambda  (63)

	ARROW  shift 109
	VARIABLE  shift 66
	.  error

	lambda  goto 110


state 67
	expr : LAMBDA lambda .  (24)

	.  reduce 24


state 68
	expr : expr . COLON monoType  (23)
	expr : expr . PLUS expr  (26)
	expr : expr . MINUS expr  (27)
	expr : expr . TIMES expr  (28)
	expr : expr . DIV expr  (29)
	expr : expr . MOD expr  (30)
	expr : expr . FPLUS expr  (31)
	expr : expr . FMINUS expr  (32)
	expr : expr . FTIMES expr  (33)
	expr : expr . FDIV expr  (34)
	expr : expr . FMOD expr  (35)
	expr : expr . BAND expr  (36)
	expr : expr . BOR expr  (37)
	expr : expr . DCOLON expr  (38)
	expr : expr . DOUBLEEQUALS expr  (39)
	expr : expr . LT expr  (40)
	expr : expr . LTE expr  (41)
	expr : expr . GT expr  (42)
	expr : expr . GTE expr  (43)
	expr : IF expr . THEN expr ELSE expr  (45)

	PLUS  shift 76
	MINUS  shift 77
	TIMES  shift 78
	DIV  shift 79
	MOD  shift 80
	FPLUS  shift 81
	FMINUS  shift 82
	FDIV  shift 83
	FTIMES  shift 84
	FMOD  shift 85
	THEN  shift 111
	COLON  shift 86
	DCOLON  shift 87
	BAND  shift 88
	BOR  shift 89
	DOUBLEEQUALS  shift 90
	LT  shift 91
	LTE  shift 92
	GT  shift 93
	GTE  shift 94
	.  error


state 69
	expr : expr . COLON monoType  (23)
	expr : expr . PLUS expr  (26)
	expr : expr . MINUS expr  (27)
	expr : expr . TIMES expr  (28)
	expr : expr . DIV expr  (29)
	expr : expr . MOD expr  (30)
	expr : expr . FPLUS expr  (31)
	expr : expr . FMINUS expr  (32)
	expr : expr . FTIMES expr  (33)
	expr : expr . FDIV expr  (34)
	expr : expr . FMOD expr  (35)
	expr : expr . BAND expr  (36)
	expr : expr . BOR expr  (37)
	expr : expr . DCOLON expr  (38)
	expr : expr . DOUBLEEQUALS expr  (39)
	expr : expr . LT expr  (40)
	expr : expr . LTE expr  (41)
	expr : expr . GT expr  (42)
	expr : expr . GTE expr  (43)
	expr : PRINT expr .  (47)

	.  reduce 47


state 70
	expr : expr . COLON monoType  (23)
	expr : expr . PLUS expr  (26)
	expr : expr . MINUS expr  (27)
	expr : expr . TIMES expr  (28)
	expr : expr . DIV expr  (29)
	expr : expr . MOD expr  (30)
	expr : expr . FPLUS expr  (31)
	expr : expr . FMINUS expr  (32)
	expr : expr . FTIMES expr  (33)
	expr : expr . FDIV expr  (34)
	expr : expr . FMOD expr  (35)
	expr : expr . BAND expr  (36)
	expr : expr . BOR expr  (37)
	expr : expr . DCOLON expr  (38)
	expr : expr . DOUBLEEQUALS expr  (39)
	expr : expr . LT expr  (40)
	expr : expr . LTE expr  (41)
	expr : expr . GT expr  (42)
	expr : expr . GTE expr  (43)
	expr : ORD expr .  (48)

	.  reduce 48


state 71
	expr : expr . COLON monoType  (23)
	expr : expr . PLUS expr  (26)
	expr : expr . MINUS expr  (27)
	expr : expr . TIMES expr  (28)
	expr : expr . DIV expr  (29)
	expr : expr . MOD expr  (30)
	expr : expr . FPLUS expr  (31)
	expr : expr . FMINUS expr  (32)
	expr : expr . FTIMES expr  (33)
	expr : expr . FDIV expr  (34)
	expr : expr . FMOD expr  (35)
	expr : expr . BAND expr  (36)
	expr : expr . BOR expr  (37)
	expr : expr . DCOLON expr  (38)
	expr : expr . DOUBLEEQUALS expr  (39)
	expr : expr . LT expr  (40)
	expr : expr . LTE expr  (41)
	expr : expr . GT expr  (42)
	expr : expr . GTE expr  (43)
	expr : CHR expr .  (49)

	.  reduce 49


state 72
	expr : expr . COLON monoType  (23)
	expr : expr . PLUS expr  (26)
	expr : expr . MINUS expr  (27)
	expr : expr . TIMES expr  (28)
	expr : expr . DIV expr  (29)
	expr : expr . MOD expr  (30)
	expr : expr . FPLUS expr  (31)
	expr : expr . FMINUS expr  (32)
	expr : expr . FTIMES expr  (33)
	expr : expr . FDIV expr  (34)
	expr : expr . FMOD expr  (35)
	expr : expr . BAND expr  (36)
	expr : expr . BOR expr  (37)
	expr : expr . DCOLON expr  (38)
	expr : expr . DOUBLEEQUALS expr  (39)
	expr : expr . LT expr  (40)
	expr : expr . LTE expr  (41)
	expr : expr . GT expr  (42)
	expr : expr . GTE expr  (43)
	expr : FPTOSI expr .  (51)

	.  reduce 51


state 73
	expr : expr . COLON monoType  (23)
	expr : expr . PLUS expr  (26)
	expr : expr . MINUS expr  (27)
	expr : expr . TIMES expr  (28)
	expr : expr . DIV expr  (29)
	expr : expr . MOD expr  (30)
	expr : expr . FPLUS expr  (31)
	expr : expr . FMINUS expr  (32)
	expr : expr . FTIMES expr  (33)
	expr : expr . FDIV expr  (34)
	expr : expr . FMOD expr  (35)
	expr : expr . BAND expr  (36)
	expr : expr . BOR expr  (37)
	expr : expr . DCOLON expr  (38)
	expr : expr . DOUBLEEQUALS expr  (39)
	expr : expr . LT expr  (40)
	expr : expr . LTE expr  (41)
	expr : expr . GT expr  (42)
	expr : expr . GTE expr  (43)
	expr : SITOFP expr .  (50)

	.  reduce 50


state 74
	expr : expr . COLON monoType  (23)
	expr : expr . PLUS expr  (26)
	expr : expr . MINUS expr  (27)
	expr : expr . TIMES expr  (28)
	expr : expr . DIV expr  (29)
	expr : expr . MOD expr  (30)
	expr : expr . FPLUS expr  (31)
	expr : expr . FMINUS expr  (32)
	expr : expr . FTIMES expr  (33)
	expr : expr . FDIV expr  (34)
	expr : expr . FMOD expr  (35)
	expr : expr . BAND expr  (36)
	expr : expr . BOR expr  (37)
	expr : expr . DCOLON expr  (38)
	expr : expr . DOUBLEEQUALS expr  (39)
	expr : expr . LT expr  (40)
	expr : expr . LTE expr  (41)
	expr : expr . GT expr  (42)
	expr : expr . GTE expr  (43)
	expr : BNOT expr .  (44)

	PLUS  shift 76
	MINUS  shift 77
	TIMES  shift 78
	DIV  shift 79
	MOD  shift 80
	FPLUS  shift 81
	FMINUS  shift 82
	FDIV  shift 83
	FTIMES  shift 84
	FMOD  shift 85
	$end  reduce 44
	WITH  reduce 44
	GUARD  reduce 44
	SEMICOLON  reduce 44
	RPAREN  reduce 44
	RBRACKET  reduce 44
	COMMA  reduce 44
	DOTGUARD  reduce 44
	DARROW  reduce 44
	LET  reduce 44
	WHERE  reduce 44
	AND  reduce 44
	IN  reduce 44
	THEN  reduce 44
	ELSE  reduce 44
	VAL  reduce 44
	COLON  reduce 44
	DCOLON  reduce 44
	BAND  reduce 44
	BOR  reduce 44
	DOUBLEEQUALS  reduce 44
	LT  reduce 44
	LTE  reduce 44
	GT  reduce 44
	GTE  reduce 44


state 75
	expr : letBinding IN . expr  (25)

	MATCH  shift 25
	LPAREN  shift 26
	LBRACKET  shift 27
	GUARDDOT  shift 28
	LAMBDA  shift 29
	LET  shift 3
	IF  shift 30
	TRUE  shift 31
	FALSE  shift 32
	PRINT  shift 33
	ORD  shift 34
	CHR  shift 35
	FPTOSI  shift 36
	SITOFP  shift 37
	BNOT  shift 38
	UNIT  shift 39
	LITERAL  shift 40
	CLITERAL  shift 41
	FLITERAL  shift 42
	VARIABLE  shift 43
	.  error

	letBinding  goto 44
	expr  goto 112
	call  goto 46
	arg  goto 47


state 76
	expr : expr PLUS . expr  (26)

	MATCH  shift 25
	LPAREN  shift 26
	LBRACKET  shift 27
	GUARDDOT  shift 28
	LAMBDA  shift 29
	LET  shift 3
	IF  shift 30
	TRUE  shift 31
	FALSE  shift 32
	PRINT  shift 33
	ORD  shift 34
	CHR  shift 35
	FPTOSI  shift 36
	SITOFP  shift 37
	BNOT  shift 38
	UNIT  shift 39
	LITERAL  shift 40
	CLITERAL  shift 41
	FLITERAL  shift 42
	VARIABLE  shift 43
	.  error

	letBinding  goto 44
	expr  goto 113
	call  goto 46
	arg  goto 47


state 77
	expr : expr MINUS . expr  (27)

	MATCH  shift 25
	LPAREN  shift 26
	LBRACKET  shift 27
	GUARDDOT  shift 28
	LAMBDA  shift 29
	LET  shift 3
	IF  shift 30
	TRUE  shift 31
	FALSE  shift 32
	PRINT  shift 33
	ORD  shift 34
	CHR  shift 35
	FPTOSI  shift 36
	SITOFP  shift 37
	BNOT  shift 38
	UNIT  shift 39
	LITERAL  shift 40
	CLITERAL  shift 41
	FLITERAL  shift 42
	VARIABLE  shift 43
	.  error

	letBinding  goto 44
	expr  goto 114
	call  goto 46
	arg  goto 47


state 78
	expr : expr TIMES . expr  (28)

	MATCH  shift 25
	LPAREN  shift 26
	LBRACKET  shift 27
	GUARDDOT  shift 28
	LAMBDA  shift 29
	LET  shift 3
	IF  shift 30
	TRUE  shift 31
	FALSE  shift 32
	PRINT  shift 33
	ORD  shift 34
	CHR  shift 35
	FPTOSI  shift 36
	SITOFP  shift 37
	BNOT  shift 38
	UNIT  shift 39
	LITERAL  shift 40
	CLITERAL  shift 41
	FLITERAL  shift 42
	VARIABLE  shift 43
	.  error

	letBinding  goto 44
	expr  goto 115
	call  goto 46
	arg  goto 47


state 79
	expr : expr DIV . expr  (29)

	MATCH  shift 25
	LPAREN  shift 26
	LBRACKET  shift 27
	GUARDDOT  shift 28
	LAMBDA  shift 29
	LET  shift 3
	IF  shift 30
	TRUE  shift 31
	FALSE  shift 32
	PRINT  shift 33
	ORD  shift 34
	CHR  shift 35
	FPTOSI  shift 36
	SITOFP  shift 37
	BNOT  shift 38
	UNIT  shift 39
	LITERAL  shift 40
	CLITERAL  shift 41
	FLITERAL  shift 42
	VARIABLE  shift 43
	.  error

	letBinding  goto 44
	expr  goto 116
	call  goto 46
	arg  goto 47


state 80
	expr : expr MOD . expr  (30)

	MATCH  shift 25
	LPAREN  shift 26
	LBRACKET  shift 27
	GUARDDOT  shift 28
	LAMBDA  shift 29
	LET  shift 3
	IF  shift 30
	TRUE  shift 31
	FALSE  shift 32
	PRINT  shift 33
	ORD  shift 34
	CHR  shift 35
	FPTOSI  shift 36
	SITOFP  shift 37
	BNOT  shift 38
	UNIT  shift 39
	LITERAL  shift 40
	CLITERAL  shift 41
	FLITERAL  shift 42
	VARIABLE  shift 43
	.  error

	letBinding  goto 44
	expr  goto 117
	call  goto 46
	arg  goto 47


state 81
	expr : expr FPLUS . expr  (31)

	MATCH  shift 25
	LPAREN  shift 26
	LBRACKET  shift 27
	GUARDDOT  shift 28
	LAMBDA  shift 29
	LET  shift 3
	IF  shift 30
	TRUE  shift 31
	FALSE  shift 32
	PRINT  shift 33
	ORD  shift 34
	CHR  shift 35
	FPTOSI  shift 36
	SITOFP  shift 37
	BNOT  shift 38
	UNIT  shift 39
	LITERAL  shift 40
	CLITERAL  shift 41
	FLITERAL  shift 42
	VARIABLE  shift 43
	.  error

	letBinding  goto 44
	expr  goto 118
	call  goto 46
	arg  goto 47


state 82
	expr : expr FMINUS . expr  (32)

	MATCH  shift 25
	LPAREN  shift 26
	LBRACKET  shift 27
	GUARDDOT  shift 28
	LAMBDA  shift 29
	LET  shift 3
	IF  shift 30
	TRUE  shift 31
	FALSE  shift 32
	PRINT  shift 33
	ORD  shift 34
	CHR  shift 35
	FPTOSI  shift 36
	SITOFP  shift 37
	BNOT  shift 38
	UNIT  shift 39
	LITERAL  shift 40
	CLITERAL  shift 41
	FLITERAL  shift 42
	VARIABLE  shift 43
	.  error

	letBinding  goto 44
	expr  goto 119
	call  goto 46
	arg  goto 47


state 83
	expr : expr FDIV . expr  (34)

	MATCH  shift 25
	LPAREN  shift 26
	LBRACKET  shift 27
	GUARDDOT  shift 28
	LAMBDA  shift 29
	LET  shift 3
	IF  shift 30
	TRUE  shift 31
	FALSE  shift 32
	PRINT  shift 33
	ORD  shift 34
	CHR  shift 35
	FPTOSI  shift 36
	SITOFP  shift 37
	BNOT  shift 38
	UNIT  shift 39
	LITERAL  shift 40
	CLITERAL  shift 41
	FLITERAL  shift 42
	VARIABLE  shift 43
	.  error

	letBinding  goto 44
	expr  goto 120
	call  goto 46
	arg  goto 47


state 84
	expr : expr FTIMES . expr  (33)

	MATCH  shift 25
	LPAREN  shift 26
	LBRACKET  shift 27
	GUARDDOT  shift 28
	LAMBDA  shift 29
	LET  shift 3
	IF  shift 30
	TRUE  shift 31
	FALSE  shift 32
	PRINT  shift 33
	ORD  shift 34
	CHR  shift 35
	FPTOSI  shift 36
	SITOFP  shift 37
	BNOT  shift 38
	UNIT  shift 39
	LITERAL  shift 40
	CLITERAL  shift 41
	FLITERAL  shift 42
	VARIABLE  shift 43
	.  error

	letBinding  goto 44
	expr  goto 121
	call  goto 46
	arg  goto 47


state 85
	expr : expr FMOD . expr  (35)

	MATCH  shift 25
	LPAREN  shift 26
	LBRACKET  shift 27
	GUARDDOT  shift 28
	LAMBDA  shift 29
	LET  shift 3
	IF  shift 30
	TRUE  shift 31
	FALSE  shift 32
	PRINT  shift 33
	ORD  shift 34
	CHR  shift 35
	FPTOSI  shift 36
	SITOFP  shift 37
	BNOT  shift 38
	UNIT  shift 39
	LITERAL  shift 40
	CLITERAL  shift 41
	FLITERAL  shift 42
	VARIABLE  shift 43
	.  error

	letBinding  goto 44
	expr  goto 122
	call  goto 46
	arg  goto 47


state 86
	expr : expr COLON . monoType  (23)

	LPAREN  shift 50
	UNIT  shift 51
	LIST  shift 52
	TYPE  shift 53
	TYPEVAR  shift 54
	.  error

	monoType  goto 123


state 87
	expr : expr DCOLON . expr  (38)

	MATCH  shift 25
	LPAREN  shift 26
	LBRACKET  shift 27
	GUARDDOT  shift 28
	LAMBDA  shift 29
	LET  shift 3
	IF  shift 30
	TRUE  shift 31
	FALSE  shift 32
	PRINT  shift 33
	ORD  shift 34
	CHR  shift 35
	FPTOSI  shift 36
	SITOFP  shift 37
	BNOT  shift 38
	UNIT  shift 39
	LITERAL  shift 40
	CLITERAL  shift 41
	FLITERAL  shift 42
	VARIABLE  shift 43
	.  error

	letBinding  goto 44
	expr  goto 124
	call  goto 46
	arg  goto 47


state 88
	expr : expr BAND . expr  (36)

	MATCH  shift 25
	LPAREN  shift 26
	LBRACKET  shift 27
	GUARDDOT  shift 28
	LAMBDA  shift 29
	LET  shift 3
	IF  shift 30
	TRUE  shift 31
	FALSE  shift 32
	PRINT  shift 33
	ORD  shift 34
	CHR  shift 35
	FPTOSI  shift 36
	SITOFP  shift 37
	BNOT  shift 38
	UNIT  shift 39
	LITERAL  shift 40
	CLITERAL  shift 41
	FLITERAL  shift 42
	VARIABLE  shift 43
	.  error

	letBinding  goto 44
	expr  goto 125
	call  goto 46
	arg  goto 47


state 89
	expr : expr BOR . expr  (37)

	MATCH  shift 25
	LPAREN  shift 26
	LBRACKET  shift 27
	GUARDDOT  shift 28
	LAMBDA  shift 29
	LET  shift 3
	IF  shift 30
	TRUE  shift 31
	FALSE  shift 32
	PRINT  shift 33
	ORD  shift 34
	CHR  shift 35
	FPTOSI  shift 36
	SITOFP  shift 37
	BNOT  shift 38
	UNIT  shift 39
	LITERAL  shift 40
	CLITERAL  shift 41
	FLITERAL  shift 42
	VARIABLE  shift 43
	.  error

	letBinding  goto 44
	expr  goto 126
	call  goto 46
	arg  goto 47


state 90
	expr : expr DOUBLEEQUALS . expr  (39)

	MATCH  shift 25
	LPAREN  shift 26
	LBRACKET  shift 27
	GUARDDOT  shift 28
	LAMBDA  shift 29
	LET  shift 3
	IF  shift 30
	TRUE  shift 31
	FALSE  shift 32
	PRINT  shift 33
	ORD  shift 34
	CHR  shift 35
	FPTOSI  shift 36
	SITOFP  shift 37
	BNOT  shift 38
	UNIT  shift 39
	LITERAL  shift 40
	CLITERAL  shift 41
	FLITERAL  shift 42
	VARIABLE  shift 43
	.  error

	letBinding  goto 44
	expr  goto 127
	call  goto 46
	arg  goto 47


state 91
	expr : expr LT . expr  (40)

	MATCH  shift 25
	LPAREN  shift 26
	LBRACKET  shift 27
	GUARDDOT  shift 28
	LAMBDA  shift 29
	LET  shift 3
	IF  shift 30
	TRUE  shift 31
	FALSE  shift 32
	PRINT  shift 33
	ORD  shift 34
	CHR  shift 35
	FPTOSI  shift 36
	SITOFP  shift 37
	BNOT  shift 38
	UNIT  shift 39
	LITERAL  shift 40
	CLITERAL  shift 41
	FLITERAL  shift 42
	VARIABLE  shift 43
	.  error

	letBinding  goto 44
	expr  goto 128
	call  goto 46
	arg  goto 47


state 92
	expr : expr LTE . expr  (41)

	MATCH  shift 25
	LPAREN  shift 26
	LBRACKET  shift 27
	GUARDDOT  shift 28
	LAMBDA  shift 29
	LET  shift 3
	IF  shift 30
	TRUE  shift 31
	FALSE  shift 32
	PRINT  shift 33
	ORD  shift 34
	CHR  shift 35
	FPTOSI  shift 36
	SITOFP  shift 37
	BNOT  shift 38
	UNIT  shift 39
	LITERAL  shift 40
	CLITERAL  shift 41
	FLITERAL  shift 42
	VARIABLE  shift 43
	.  error

	letBinding  goto 44
	expr  goto 129
	call  goto 46
	arg  goto 47


state 93
	expr : expr GT . expr  (42)

	MATCH  shift 25
	LPAREN  shift 26
	LBRACKET  shift 27
	GUARDDOT  shift 28
	LAMBDA  shift 29
	LET  shift 3
	IF  shift 30
	TRUE  shift 31
	FALSE  shift 32
	PRINT  shift 33
	ORD  shift 34
	CHR  shift 35
	FPTOSI  shift 36
	SITOFP  shift 37
	BNOT  shift 38
	UNIT  shift 39
	LITERAL  shift 40
	CLITERAL  shift 41
	FLITERAL  shift 42
	VARIABLE  shift 43
	.  error

	letBinding  goto 44
	expr  goto 130
	call  goto 46
	arg  goto 47


state 94
	expr : expr GTE . expr  (43)

	MATCH  shift 25
	LPAREN  shift 26
	LBRACKET  shift 27
	GUARDDOT  shift 28
	LAMBDA  shift 29
	LET  shift 3
	IF  shift 30
	TRUE  shift 31
	FALSE  shift 32
	PRINT  shift 33
	ORD  shift 34
	CHR  shift 35
	FPTOSI  shift 36
	SITOFP  shift 37
	BNOT  shift 38
	UNIT  shift 39
	LITERAL  shift 40
	CLITERAL  shift 41
	FLITERAL  shift 42
	VARIABLE  shift 43
	.  error

	letBinding  goto 44
	expr  goto 131
	call  goto 46
	arg  goto 47


state 95
	call : call arg .  (65)

	.  reduce 65


state 96
	wheres : binding AND . wheres  (9)

	LPAREN  shift 8
	VARIABLE  shift 10
	.  error

	wheres  goto 132
	binding  goto 49


state 97
	monoType : LPAREN monoType . RPAREN  (20)
	monoType : monoType . ARROW monoType  (21)

	RPAREN  shift 133
	ARROW  shift 99
	.  error


state 98
	monoType : LIST monoType .  (18)
	monoType : monoType . ARROW monoType  (21)

	.  reduce 18


state 99
	monoType : monoType ARROW . monoType  (21)

	LPAREN  shift 50
	UNIT  shift 51
	LIST  shift 52
	TYPE  shift 53
	TYPEVAR  shift 54
	.  error

	monoType  goto 134


state 100
	multVars : VARIABLE COMMA . multVars  (52)

	VARIABLE  shift 56
	.  error

	multVars  goto 135


state 101
	binding : LPAREN VARIABLE COMMA multVars RPAREN . EQUALS expr  (13)

	EQUALS  shift 136
	.  error


state 102
	consVars : VARIABLE DCOLON . consVars  (54)

	VARIABLE  shift 58
	.  error

	consVars  goto 137


state 103
	binding : LPAREN VARIABLE DCOLON consVars RPAREN . EQUALS expr  (14)

	EQUALS  shift 138
	.  error


state 104
	expr : MATCH expr WITH . patternMatrix SEMICOLON  (46)

	GUARD  shift 139
	.  error

	patternMatrix  goto 140


state 105
	arg : LPAREN expr RPAREN .  (73)

	.  reduce 73


state 106
	lst : expr COMMA . lst  (58)
	lst : .  (56)

	MATCH  shift 25
	LPAREN  shift 26
	LBRACKET  shift 27
	GUARDDOT  shift 28
	LAMBDA  shift 29
	LET  shift 3
	IF  shift 30
	TRUE  shift 31
	FALSE  shift 32
	PRINT  shift 33
	ORD  shift 34
	CHR  shift 35
	FPTOSI  shift 36
	SITOFP  shift 37
	BNOT  shift 38
	UNIT  shift 39
	LITERAL  shift 40
	CLITERAL  shift 41
	FLITERAL  shift 42
	VARIABLE  shift 43
	RBRACKET  reduce 56

	letBinding  goto 44
	expr  goto 63
	call  goto 46
	arg  goto 47
	lst  goto 141


state 107
	arg : LBRACKET lst RBRACKET .  (74)

	.  reduce 74


state 108
	arg : GUARDDOT expr DOTGUARD .  (75)

	.  reduce 75


state 109
	lambda : VARIABLE ARROW . expr  (62)

	MATCH  shift 25
	LPAREN  shift 26
	LBRACKET  shift 27
	GUARDDOT  shift 28
	LAMBDA  shift 29
	LET  shift 3
	IF  shift 30
	TRUE  shift 31
	FALSE  shift 32
	PRINT  shift 33
	ORD  shift 34
	CHR  shift 35
	FPTOSI  shift 36
	SITOFP  shift 37
	BNOT  shift 38
	UNIT  shift 39
	LITERAL  shift 40
	CLITERAL  shift 41
	FLITERAL  shift 42
	VARIABLE  shift 43
	.  error

	letBinding  goto 44
	expr  goto 142
	call  goto 46
	arg  goto 47


state 110
	lambda : VARIABLE lambda .  (63)

	.  reduce 63


state 111
	expr : IF expr THEN . expr ELSE expr  (45)

	MATCH  shift 25
	LPAREN  shift 26
	LBRACKET  shift 27
	GUARDDOT  shift 28
	LAMBDA  shift 29
	LET  shift 3
	IF  shift 30
	TRUE  shift 31
	FALSE  shift 32
	PRINT  shift 33
	ORD  shift 34
	CHR  shift 35
	FPTOSI  shift 36
	SITOFP  shift 37
	BNOT  shift 38
	UNIT  shift 39
	LITERAL  shift 40
	CLITERAL  shift 41
	FLITERAL  shift 42
	VARIABLE  shift 43
	.  error

	letBinding  goto 44
	expr  goto 143
	call  goto 46
	arg  goto 47


state 112
	expr : expr . COLON monoType  (23)
	expr : letBinding IN expr .  (25)
	expr : expr . PLUS expr  (26)
	expr : expr . MINUS expr  (27)
	expr : expr . TIMES expr  (28)
	expr : expr . DIV expr  (29)
	expr : expr . MOD expr  (30)
	expr : expr . FPLUS expr  (31)
	expr : expr . FMINUS expr  (32)
	expr : expr . FTIMES expr  (33)
	expr : expr . FDIV expr  (34)
	expr : expr . FMOD expr  (35)
	expr : expr . BAND expr  (36)
	expr : expr . BOR expr  (37)
	expr : expr . DCOLON expr  (38)
	expr : expr . DOUBLEEQUALS expr  (39)
	expr : expr . LT expr  (40)
	expr : expr . LTE expr  (41)
	expr : expr . GT expr  (42)
	expr : expr . GTE expr  (43)

	PLUS  shift 76
	MINUS  shift 77
	TIMES  shift 78
	DIV  shift 79
	MOD  shift 80
	FPLUS  shift 81
	FMINUS  shift 82
	FDIV  shift 83
	FTIMES  shift 84
	FMOD  shift 85
	COLON  shift 86
	DCOLON  shift 87
	BAND  shift 88
	BOR  shift 89
	DOUBLEEQUALS  shift 90
	LT  shift 91
	LTE  shift 92
	GT  shift 93
	GTE  shift 94
	$end  reduce 25
	WITH  reduce 25
	GUARD  reduce 25
	SEMICOLON  reduce 25
	RPAREN  reduce 25
	RBRACKET  reduce 25
	COMMA  reduce 25
	DOTGUARD  reduce 25
	DARROW  reduce 25
	LET  reduce 25
	WHERE  reduce 25
	AND  reduce 25
	IN  reduce 25
	THEN  reduce 25
	ELSE  reduce 25
	VAL  reduce 25


state 113
	expr : expr . COLON monoType  (23)
	expr : expr . PLUS expr  (26)
	expr : expr PLUS expr .  (26)
	expr : expr . MINUS expr  (27)
	expr : expr . TIMES expr  (28)
	expr : expr . DIV expr  (29)
	expr : expr . MOD expr  (30)
	expr : expr . FPLUS expr  (31)
	expr : expr . FMINUS expr  (32)
	expr : expr . FTIMES expr  (33)
	expr : expr . FDIV expr  (34)
	expr : expr . FMOD expr  (35)
	expr : expr . BAND expr  (36)
	expr : expr . BOR expr  (37)
	expr : expr . DCOLON expr  (38)
	expr : expr . DOUBLEEQUALS expr  (39)
	expr : expr . LT expr  (40)
	expr : expr . LTE expr  (41)
	expr : expr . GT expr  (42)
	expr : expr . GTE expr  (43)

	TIMES  shift 78
	DIV  shift 79
	MOD  shift 80
	FDIV  shift 83
	FTIMES  shift 84
	FMOD  shift 85
	$end  reduce 26
	WITH  reduce 26
	GUARD  reduce 26
	SEMICOLON  reduce 26
	RPAREN  reduce 26
	RBRACKET  reduce 26
	COMMA  reduce 26
	DOTGUARD  reduce 26
	DARROW  reduce 26
	PLUS  reduce 26
	MINUS  reduce 26
	FPLUS  reduce 26
	FMINUS  reduce 26
	LET  reduce 26
	WHERE  reduce 26
	AND  reduce 26
	IN  reduce 26
	THEN  reduce 26
	ELSE  reduce 26
	VAL  reduce 26
	COLON  reduce 26
	DCOLON  reduce 26
	BAND  reduce 26
	BOR  reduce 26
	DOUBLEEQUALS  reduce 26
	LT  reduce 26
	LTE  reduce 26
	GT  reduce 26
	GTE  reduce 26


state 114
	expr : expr . COLON monoType  (23)
	expr : expr . PLUS expr  (26)
	expr : expr . MINUS expr  (27)
	expr : expr MINUS expr .  (27)
	expr : expr . TIMES expr  (28)
	expr : expr . DIV expr  (29)
	expr : expr . MOD expr  (30)
	expr : expr . FPLUS expr  (31)
	expr : expr . FMINUS expr  (32)
	expr : expr . FTIMES expr  (33)
	expr : expr . FDIV expr  (34)
	expr : expr . FMOD expr  (35)
	expr : expr . BAND expr  (36)
	expr : expr . BOR expr  (37)
	expr : expr . DCOLON expr  (38)
	expr : expr . DOUBLEEQUALS expr  (39)
	expr : expr . LT expr  (40)
	expr : expr . LTE expr  (41)
	expr : expr . GT expr  (42)
	expr : expr . GTE expr  (43)

	TIMES  shift 78
	DIV  shift 79
	MOD  shift 80
	FDIV  shift 83
	FTIMES  shift 84
	FMOD  shift 85
	$end  reduce 27
	WITH  reduce 27
	GUARD  reduce 27
	SEMICOLON  reduce 27
	RPAREN  reduce 27
	RBRACKET  reduce 27
	COMMA  reduce 27
	DOTGUARD  reduce 27
	DARROW  reduce 27
	PLUS  reduce 27
	MINUS  reduce 27
	FPLUS  reduce 27
	FMINUS  reduce 27
	LET  reduce 27
	WHERE  reduce 27
	AND  reduce 27
	IN  reduce 27
	THEN  reduce 27
	ELSE  reduce 27
	VAL  reduce 27
	COLON  reduce 27
	DCOLON  reduce 27
	BAND  reduce 27
	BOR  reduce 27
	DOUBLEEQUALS  reduce 27
	LT  reduce 27
	LTE  reduce 27
	GT  reduce 27
	GTE  reduce 27


state 115
	expr : expr . COLON monoType  (23)
	expr : expr . PLUS expr  (26)
	expr : expr . MINUS expr  (27)
	expr : expr . TIMES expr  (28)
	expr : expr TIMES expr .  (28)
	expr : expr . DIV expr  (29)
	expr : expr . MOD expr  (30)
	expr : expr . FPLUS expr  (31)
	expr : expr . FMINUS expr  (32)
	expr : expr . FTIMES expr  (33)
	expr : expr . FDIV expr  (34)
	expr : expr . FMOD expr  (35)
	expr : expr . BAND expr  (36)
	expr : expr . BOR expr  (37)
	expr : expr . DCOLON expr  (38)
	expr : expr . DOUBLEEQUALS expr  (39)
	expr : expr . LT expr  (40)
	expr : expr . LTE expr  (41)
	expr : expr . GT expr  (42)
	expr : expr . GTE expr  (43)

	.  reduce 28


state 116
	expr : expr . COLON monoType  (23)
	expr : expr . PLUS expr  (26)
	expr : expr . MINUS expr  (27)
	expr : expr . TIMES expr  (28)
	expr : expr . DIV expr  (29)
	expr : expr DIV expr .  (29)
	expr : expr . MOD expr  (30)
	expr : expr . FPLUS expr  (31)
	expr : expr . FMINUS expr  (32)
	expr : expr . FTIMES expr  (33)
	expr : expr . FDIV expr  (34)
	expr : expr . FMOD expr  (35)
	expr : expr . BAND expr  (36)
	expr : expr . BOR expr  (37)
	expr : expr . DCOLON expr  (38)
	expr : expr . DOUBLEEQUALS expr  (39)
	expr : expr . LT expr  (40)
	expr : expr . LTE expr  (41)
	expr : expr . GT expr  (42)
	expr : expr . GTE expr  (43)

	.  reduce 29


state 117
	expr : expr . COLON monoType  (23)
	expr : expr . PLUS expr  (26)
	expr : expr . MINUS expr  (27)
	expr : expr . TIMES expr  (28)
	expr : expr . DIV expr  (29)
	expr : expr . MOD expr  (30)
	expr : expr MOD expr .  (30)
	expr : expr . FPLUS expr  (31)
	expr : expr . FMINUS expr  (32)
	expr : expr . FTIMES expr  (33)
	expr : expr . FDIV expr  (34)
	expr : expr . FMOD expr  (35)
	expr : expr . BAND expr  (36)
	expr : expr . BOR expr  (37)
	expr : expr . DCOLON expr  (38)
	expr : expr . DOUBLEEQUALS expr  (39)
	expr : expr . LT expr  (40)
	expr : expr . LTE expr  (41)
	expr : expr . GT expr  (42)
	expr : expr . GTE expr  (43)

	.  reduce 30


state 118
	expr : expr . COLON monoType  (23)
	expr : expr . PLUS expr  (26)
	expr : expr . MINUS expr  (27)
	expr : expr . TIMES expr  (28)
	expr : expr . DIV expr  (29)
	expr : expr . MOD expr  (30)
	expr : expr . FPLUS expr  (31)
	expr : expr FPLUS expr .  (31)
	expr : expr . FMINUS expr  (32)
	expr : expr . FTIMES expr  (33)
	expr : expr . FDIV expr  (34)
	expr : expr . FMOD expr  (35)
	expr : expr . BAND expr  (36)
	expr : expr . BOR expr  (37)
	expr : expr . DCOLON expr  (38)
	expr : expr . DOUBLEEQUALS expr  (39)
	expr : expr . LT expr  (40)
	expr : expr . LTE expr  (41)
	expr : expr . GT expr  (42)
	expr : expr . GTE expr  (43)

	TIMES  shift 78
	DIV  shift 79
	MOD  shift 80
	FDIV  shift 83
	FTIMES  shift 84
	FMOD  shift 85
	$end  reduce 31
	WITH  reduce 31
	GUARD  reduce 31
	SEMICOLON  reduce 31
	RPAREN  reduce 31
	RBRACKET  reduce 31
	COMMA  reduce 31
	DOTGUARD  reduce 31
	DARROW  reduce 31
	PLUS  reduce 31
	MINUS  reduce 31
	FPLUS  reduce 31
	FMINUS  reduce 31
	LET  reduce 31
	WHERE  reduce 31
	AND  reduce 31
	IN  reduce 31
	THEN  reduce 31
	ELSE  reduce 31
	VAL  reduce 31
	COLON  reduce 31
	DCOLON  reduce 31
	BAND  reduce 31
	BOR  reduce 31
	DOUBLEEQUALS  reduce 31
	LT  reduce 31
	LTE  reduce 31
	GT  reduce 31
	GTE  reduce 31


state 119
	expr : expr . COLON monoType  (23)
	expr : expr . PLUS expr  (26)
	expr : expr . MINUS expr  (27)
	expr : expr . TIMES expr  (28)
	expr : expr . DIV expr  (29)
	expr : expr . MOD expr  (30)
	expr : expr . FPLUS expr  (31)
	expr : expr . FMINUS expr  (32)
	expr : expr FMINUS expr .  (32)
	expr : expr . FTIMES expr  (33)
	expr : expr . FDIV expr  (34)
	expr : expr . FMOD expr  (35)
	expr : expr . BAND expr  (36)
	expr : expr . BOR expr  (37)
	expr : expr . DCOLON expr  (38)
	expr : expr . DOUBLEEQUALS expr  (39)
	expr : expr . LT expr  (40)
	expr : expr . LTE expr  (41)
	expr : expr . GT expr  (42)
	expr : expr . GTE expr  (43)

	TIMES  shift 78
	DIV  shift 79
	MOD  shift 80
	FDIV  shift 83
	FTIMES  shift 84
	FMOD  shift 85
	$end  reduce 32
	WITH  reduce 32
	GUARD  reduce 32
	SEMICOLON  reduce 32
	RPAREN  reduce 32
	RBRACKET  reduce 32
	COMMA  reduce 32
	DOTGUARD  reduce 32
	DARROW  reduce 32
	PLUS  reduce 32
	MINUS  reduce 32
	FPLUS  reduce 32
	FMINUS  reduce 32
	LET  reduce 32
	WHERE  reduce 32
	AND  reduce 32
	IN  reduce 32
	THEN  reduce 32
	ELSE  reduce 32
	VAL  reduce 32
	COLON  reduce 32
	DCOLON  reduce 32
	BAND  reduce 32
	BOR  reduce 32
	DOUBLEEQUALS  reduce 32
	LT  reduce 32
	LTE  reduce 32
	GT  reduce 32
	GTE  reduce 32


state 120
	expr : expr . COLON monoType  (23)
	expr : expr . PLUS expr  (26)
	expr : expr . MINUS expr  (27)
	expr : expr . TIMES expr  (28)
	expr : expr . DIV expr  (29)
	expr : expr . MOD expr  (30)
	expr : expr . FPLUS expr  (31)
	expr : expr . FMINUS expr  (32)
	expr : expr . FTIMES expr  (33)
	expr : expr . FDIV expr  (34)
	expr : expr FDIV expr .  (34)
	expr : expr . FMOD expr  (35)
	expr : expr . BAND expr  (36)
	expr : expr . BOR expr  (37)
	expr : expr . DCOLON expr  (38)
	expr : expr . DOUBLEEQUALS expr  (39)
	expr : expr . LT expr  (40)
	expr : expr . LTE expr  (41)
	expr : expr . GT expr  (42)
	expr : expr . GTE expr  (43)

	.  reduce 34


state 121
	expr : expr . COLON monoType  (23)
	expr : expr . PLUS expr  (26)
	expr : expr . MINUS expr  (27)
	expr : expr . TIMES expr  (28)
	expr : expr . DIV expr  (29)
	expr : expr . MOD expr  (30)
	expr : expr . FPLUS expr  (31)
	expr : expr . FMINUS expr  (32)
	expr : expr . FTIMES expr  (33)
	expr : expr FTIMES expr .  (33)
	expr : expr . FDIV expr  (34)
	expr : expr . FMOD expr  (35)
	expr : expr . BAND expr  (36)
	expr : expr . BOR expr  (37)
	expr : expr . DCOLON expr  (38)
	expr : expr . DOUBLEEQUALS expr  (39)
	expr : expr . LT expr  (40)
	expr : expr . LTE expr  (41)
	expr : expr . GT expr  (42)
	expr : expr . GTE expr  (43)

	.  reduce 33


state 122
	expr : expr . COLON monoType  (23)
	expr : expr . PLUS expr  (26)
	expr : expr . MINUS expr  (27)
	expr : expr . TIMES expr  (28)
	expr : expr . DIV expr  (29)
	expr : expr . MOD expr  (30)
	expr : expr . FPLUS expr  (31)
	expr : expr . FMINUS expr  (32)
	expr : expr . FTIMES expr  (33)
	expr : expr . FDIV expr  (34)
	expr : expr . FMOD expr  (35)
	expr : expr FMOD expr .  (35)
	expr : expr . BAND expr  (36)
	expr : expr . BOR expr  (37)
	expr : expr . DCOLON expr  (38)
	expr : expr . DOUBLEEQUALS expr  (39)
	expr : expr . LT expr  (40)
	expr : expr . LTE expr  (41)
	expr : expr . GT expr  (42)
	expr : expr . GTE expr  (43)

	.  reduce 35


state 123
	monoType : monoType . ARROW monoType  (21)
	expr : expr COLON monoType .  (23)

	ARROW  shift 99
	$end  reduce 23
	WITH  reduce 23
	GUARD  reduce 23
	SEMICOLON  reduce 23
	RPAREN  reduce 23
	RBRACKET  reduce 23
	COMMA  reduce 23
	DOTGUARD  reduce 23
	DARROW  reduce 23
	PLUS  reduce 23
	MINUS  reduce 23
	TIMES  reduce 23
	DIV  reduce 23
	MOD  reduce 23
	FPLUS  reduce 23
	FMINUS  reduce 23
	FDIV  reduce 23
	FTIMES  reduce 23
	FMOD  reduce 23
	LET  reduce 23
	WHERE  reduce 23
	AND  reduce 23
	IN  reduce 23
	THEN  reduce 23
	ELSE  reduce 23
	VAL  reduce 23
	COLON  reduce 23
	DCOLON  reduce 23
	BAND  reduce 23
	BOR  reduce 23
	DOUBLEEQUALS  reduce 23
	LT  reduce 23
	LTE  reduce 23
	GT  reduce 23
	GTE  reduce 23


state 124
	expr : expr . COLON monoType  (23)
	expr : expr . PLUS expr  (26)
	expr : expr . MINUS expr  (27)
	expr : expr . TIMES expr  (28)
	expr : expr . DIV expr  (29)
	expr : expr . MOD expr  (30)
	expr : expr . FPLUS expr  (31)
	expr : expr . FMINUS expr  (32)
	expr : expr . FTIMES expr  (33)
	expr : expr . FDIV expr  (34)
	expr : expr . FMOD expr  (35)
	expr : expr . BAND expr  (36)
	expr : expr . BOR expr  (37)
	expr : expr . DCOLON expr  (38)
	expr : expr DCOLON expr .  (38)
	expr : expr . DOUBLEEQUALS expr  (39)
	expr : expr . LT expr  (40)
	expr : expr . LTE expr  (41)
	expr : expr . GT expr  (42)
	expr : expr . GTE expr  (43)

	PLUS  shift 76
	MINUS  shift 77
	TIMES  shift 78
	DIV  shift 79
	MOD  shift 80
	FPLUS  shift 81
	FMINUS  shift 82
	FDIV  shift 83
	FTIMES  shift 84
	FMOD  shift 85
	COLON  shift 86
	DCOLON  shift 87
	BAND  shift 88
	BOR  shift 89
	DOUBLEEQUALS  shift 90
	LT  shift 91
	LTE  shift 92
	GT  shift 93
	GTE  shift 94
	$end  reduce 38
	WITH  reduce 38
	GUARD  reduce 38
	SEMICOLON  reduce 38
	RPAREN  reduce 38
	RBRACKET  reduce 38
	COMMA  reduce 38
	DOTGUARD  reduce 38
	DARROW  reduce 38
	LET  reduce 38
	WHERE  reduce 38
	AND  reduce 38
	IN  reduce 38
	THEN  reduce 38
	ELSE  reduce 38
	VAL  reduce 38


state 125
	expr : expr . COLON monoType  (23)
	expr : expr . PLUS expr  (26)
	expr : expr . MINUS expr  (27)
	expr : expr . TIMES expr  (28)
	expr : expr . DIV expr  (29)
	expr : expr . MOD expr  (30)
	expr : expr . FPLUS expr  (31)
	expr : expr . FMINUS expr  (32)
	expr : expr . FTIMES expr  (33)
	expr : expr . FDIV expr  (34)
	expr : expr . FMOD expr  (35)
	expr : expr . BAND expr  (36)
	expr : expr BAND expr .  (36)
	expr : expr . BOR expr  (37)
	expr : expr . DCOLON expr  (38)
	expr : expr . DOUBLEEQUALS expr  (39)
	expr : expr . LT expr  (40)
	expr : expr . LTE expr  (41)
	expr : expr . GT expr  (42)
	expr : expr . GTE expr  (43)

	PLUS  shift 76
	MINUS  shift 77
	TIMES  shift 78
	DIV  shift 79
	MOD  shift 80
	FPLUS  shift 81
	FMINUS  shift 82
	FDIV  shift 83
	FTIMES  shift 84
	FMOD  shift 85
	$end  reduce 36
	WITH  reduce 36
	GUARD  reduce 36
	SEMICOLON  reduce 36
	RPAREN  reduce 36
	RBRACKET  reduce 36
	COMMA  reduce 36
	DOTGUARD  reduce 36
	DARROW  reduce 36
	LET  reduce 36
	WHERE  reduce 36
	AND  reduce 36
	IN  reduce 36
	THEN  reduce 36
	ELSE  reduce 36
	VAL  reduce 36
	COLON  reduce 36
	DCOLON  reduce 36
	BAND  reduce 36
	BOR  reduce 36
	DOUBLEEQUALS  reduce 36
	LT  reduce 36
	LTE  reduce 36
	GT  reduce 36
	GTE  reduce 36


state 126
	expr : expr . COLON monoType  (23)
	expr : expr . PLUS expr  (26)
	expr : expr . MINUS expr  (27)
	expr : expr . TIMES expr  (28)
	expr : expr . DIV expr  (29)
	expr : expr . MOD expr  (30)
	expr : expr . FPLUS expr  (31)
	expr : expr . FMINUS expr  (32)
	expr : expr . FTIMES expr  (33)
	expr : expr . FDIV expr  (34)
	expr : expr . FMOD expr  (35)
	expr : expr . BAND expr  (36)
	expr : expr . BOR expr  (37)
	expr : expr BOR expr .  (37)
	expr : expr . DCOLON expr  (38)
	expr : expr . DOUBLEEQUALS expr  (39)
	expr : expr . LT expr  (40)
	expr : expr . LTE expr  (41)
	expr : expr . GT expr  (42)
	expr : expr . GTE expr  (43)

	PLUS  shift 76
	MINUS  shift 77
	TIMES  shift 78
	DIV  shift 79
	MOD  shift 80
	FPLUS  shift 81
	FMINUS  shift 82
	FDIV  shift 83
	FTIMES  shift 84
	FMOD  shift 85
	$end  reduce 37
	WITH  reduce 37
	GUARD  reduce 37
	SEMICOLON  reduce 37
	RPAREN  reduce 37
	RBRACKET  reduce 37
	COMMA  reduce 37
	DOTGUARD  reduce 37
	DARROW  reduce 37
	LET  reduce 37
	WHERE  reduce 37
	AND  reduce 37
	IN  reduce 37
	THEN  reduce 37
	ELSE  reduce 37
	VAL  reduce 37
	COLON  reduce 37
	DCOLON  reduce 37
	BAND  reduce 37
	BOR  reduce 37
	DOUBLEEQUALS  reduce 37
	LT  reduce 37
	LTE  reduce 37
	GT  reduce 37
	GTE  reduce 37


state 127
	expr : expr . COLON monoType  (23)
	expr : expr . PLUS expr  (26)
	expr : expr . MINUS expr  (27)
	expr : expr . TIMES expr  (28)
	expr : expr . DIV expr  (29)
	expr : expr . MOD expr  (30)
	expr : expr . FPLUS expr  (31)
	expr : expr . FMINUS expr  (32)
	expr : expr . FTIMES expr  (33)
	expr : expr . FDIV expr  (34)
	expr : expr . FMOD expr  (35)
	expr : expr . BAND expr  (36)
	expr : expr . BOR expr  (37)
	expr : expr . DCOLON expr  (38)
	expr : expr . DOUBLEEQUALS expr  (39)
	expr : expr DOUBLEEQUALS expr .  (39)
	expr : expr . LT expr  (40)
	expr : expr . LTE expr  (41)
	expr : expr . GT expr  (42)
	expr : expr . GTE expr  (43)

	PLUS  shift 76
	MINUS  shift 77
	TIMES  shift 78
	DIV  shift 79
	MOD  shift 80
	FPLUS  shift 81
	FMINUS  shift 82
	FDIV  shift 83
	FTIMES  shift 84
	FMOD  shift 85
	BAND  shift 88
	BOR  shift 89
	$end  reduce 39
	WITH  reduce 39
	GUARD  reduce 39
	SEMICOLON  reduce 39
	RPAREN  reduce 39
	RBRACKET  reduce 39
	COMMA  reduce 39
	DOTGUARD  reduce 39
	DARROW  reduce 39
	LET  reduce 39
	WHERE  reduce 39
	AND  reduce 39
	IN  reduce 39
	THEN  reduce 39
	ELSE  reduce 39
	VAL  reduce 39
	COLON  reduce 39
	DCOLON  reduce 39
	DOUBLEEQUALS  reduce 39
	LT  reduce 39
	LTE  reduce 39
	GT  reduce 39
	GTE  reduce 39


state 128
	expr : expr . COLON monoType  (23)
	expr : expr . PLUS expr  (26)
	expr : expr . MINUS expr  (27)
	expr : expr . TIMES expr  (28)
	expr : expr . DIV expr  (29)
	expr : expr . MOD expr  (30)
	expr : expr . FPLUS expr  (31)
	expr : expr . FMINUS expr  (32)
	expr : expr . FTIMES expr  (33)
	expr : expr . FDIV expr  (34)
	expr : expr . FMOD expr  (35)
	expr : expr . BAND expr  (36)
	expr : expr . BOR expr  (37)
	expr : expr . DCOLON expr  (38)
	expr : expr . DOUBLEEQUALS expr  (39)
	expr : expr . LT expr  (40)
	expr : expr LT expr .  (40)
	expr : expr . LTE expr  (41)
	expr : expr . GT expr  (42)
	expr : expr . GTE expr  (43)

	PLUS  shift 76
	MINUS  shift 77
	TIMES  shift 78
	DIV  shift 79
	MOD  shift 80
	FPLUS  shift 81
	FMINUS  shift 82
	FDIV  shift 83
	FTIMES  shift 84
	FMOD  shift 85
	BAND  shift 88
	BOR  shift 89
	$end  reduce 40
	WITH  reduce 40
	GUARD  reduce 40
	SEMICOLON  reduce 40
	RPAREN  reduce 40
	RBRACKET  reduce 40
	COMMA  reduce 40
	DOTGUARD  reduce 40
	DARROW  reduce 40
	LET  reduce 40
	WHERE  reduce 40
	AND  reduce 40
	IN  reduce 40
	THEN  reduce 40
	ELSE  reduce 40
	VAL  reduce 40
	COLON  reduce 40
	DCOLON  reduce 40
	DOUBLEEQUALS  reduce 40
	LT  reduce 40
	LTE  reduce 40
	GT  reduce 40
	GTE  reduce 40


state 129
	expr : expr . COLON monoType  (23)
	expr : expr . PLUS expr  (26)
	expr : expr . MINUS expr  (27)
	expr : expr . TIMES expr  (28)
	expr : expr . DIV expr  (29)
	expr : expr . MOD expr  (30)
	expr : expr . FPLUS expr  (31)
	expr : expr . FMINUS expr  (32)
	expr : expr . FTIMES expr  (33)
	expr : expr . FDIV expr  (34)
	expr : expr . FMOD expr  (35)
	expr : expr . BAND expr  (36)
	expr : expr . BOR expr  (37)
	expr : expr . DCOLON expr  (38)
	expr : expr . DOUBLEEQUALS expr  (39)
	expr : expr . LT expr  (40)
	expr : expr . LTE expr  (41)
	expr : expr LTE expr .  (41)
	expr : expr . GT expr  (42)
	expr : expr . GTE expr  (43)

	PLUS  shift 76
	MINUS  shift 77
	TIMES  shift 78
	DIV  shift 79
	MOD  shift 80
	FPLUS  shift 81
	FMINUS  shift 82
	FDIV  shift 83
	FTIMES  shift 84
	FMOD  shift 85
	BAND  shift 88
	BOR  shift 89
	$end  reduce 41
	WITH  reduce 41
	GUARD  reduce 41
	SEMICOLON  reduce 41
	RPAREN  reduce 41
	RBRACKET  reduce 41
	COMMA  reduce 41
	DOTGUARD  reduce 41
	DARROW  reduce 41
	LET  reduce 41
	WHERE  reduce 41
	AND  reduce 41
	IN  reduce 41
	THEN  reduce 41
	ELSE  reduce 41
	VAL  reduce 41
	COLON  reduce 41
	DCOLON  reduce 41
	DOUBLEEQUALS  reduce 41
	LT  reduce 41
	LTE  reduce 41
	GT  reduce 41
	GTE  reduce 41


state 130
	expr : expr . COLON monoType  (23)
	expr : expr . PLUS expr  (26)
	expr : expr . MINUS expr  (27)
	expr : expr . TIMES expr  (28)
	expr : expr . DIV expr  (29)
	expr : expr . MOD expr  (30)
	expr : expr . FPLUS expr  (31)
	expr : expr . FMINUS expr  (32)
	expr : expr . FTIMES expr  (33)
	expr : expr . FDIV expr  (34)
	expr : expr . FMOD expr  (35)
	expr : expr . BAND expr  (36)
	expr : expr . BOR expr  (37)
	expr : expr . DCOLON expr  (38)
	expr : expr . DOUBLEEQUALS expr  (39)
	expr : expr . LT expr  (40)
	expr : expr . LTE expr  (41)
	expr : expr . GT expr  (42)
	expr : expr GT expr .  (42)
	expr : expr . GTE expr  (43)

	PLUS  shift 76
	MINUS  shift 77
	TIMES  shift 78
	DIV  shift 79
	MOD  shift 80
	FPLUS  shift 81
	FMINUS  shift 82
	FDIV  shift 83
	FTIMES  shift 84
	FMOD  shift 85
	BAND  shift 88
	BOR  shift 89
	$end  reduce 42
	WITH  reduce 42
	GUARD  reduce 42
	SEMICOLON  reduce 42
	RPAREN  reduce 42
	RBRACKET  reduce 42
	COMMA  reduce 42
	DOTGUARD  reduce 42
	DARROW  reduce 42
	LET  reduce 42
	WHERE  reduce 42
	AND  reduce 42
	IN  reduce 42
	THEN  reduce 42
	ELSE  reduce 42
	VAL  reduce 42
	COLON  reduce 42
	DCOLON  reduce 42
	DOUBLEEQUALS  reduce 42
	LT  reduce 42
	LTE  reduce 42
	GT  reduce 42
	GTE  reduce 42


state 131
	expr : expr . COLON monoType  (23)
	expr : expr . PLUS expr  (26)
	expr : expr . MINUS expr  (27)
	expr : expr . TIMES expr  (28)
	expr : expr . DIV expr  (29)
	expr : expr . MOD expr  (30)
	expr : expr . FPLUS expr  (31)
	expr : expr . FMINUS expr  (32)
	expr : expr . FTIMES expr  (33)
	expr : expr . FDIV expr  (34)
	expr : expr . FMOD expr  (35)
	expr : expr . BAND expr  (36)
	expr : expr . BOR expr  (37)
	expr : expr . DCOLON expr  (38)
	expr : expr . DOUBLEEQUALS expr  (39)
	expr : expr . LT expr  (40)
	expr : expr . LTE expr  (41)
	expr : expr . GT expr  (42)
	expr : expr . GTE expr  (43)
	expr : expr GTE expr .  (43)

	PLUS  shift 76
	MINUS  shift 77
	TIMES  shift 78
	DIV  shift 79
	MOD  shift 80
	FPLUS  shift 81
	FMINUS  shift 82
	FDIV  shift 83
	FTIMES  shift 84
	FMOD  shift 85
	BAND  shift 88
	BOR  shift 89
	$end  reduce 43
	WITH  reduce 43
	GUARD  reduce 43
	SEMICOLON  reduce 43
	RPAREN  reduce 43
	RBRACKET  reduce 43
	COMMA  reduce 43
	DOTGUARD  reduce 43
	DARROW  reduce 43
	LET  reduce 43
	WHERE  reduce 43
	AND  reduce 43
	IN  reduce 43
	THEN  reduce 43
	ELSE  reduce 43
	VAL  reduce 43
	COLON  reduce 43
	DCOLON  reduce 43
	DOUBLEEQUALS  reduce 43
	LT  reduce 43
	LTE  reduce 43
	GT  reduce 43
	GTE  reduce 43


state 132
	wheres : binding AND wheres .  (9)

	.  reduce 9


state 133
	monoType : LPAREN monoType RPAREN .  (20)

	.  reduce 20


state 134
	monoType : monoType . ARROW monoType  (21)
	monoType : monoType ARROW monoType .  (21)

	ARROW  shift 99
	$end  reduce 21
	WITH  reduce 21
	GUARD  reduce 21
	SEMICOLON  reduce 21
	RPAREN  reduce 21
	RBRACKET  reduce 21
	COMMA  reduce 21
	DOTGUARD  reduce 21
	DARROW  reduce 21
	PLUS  reduce 21
	MINUS  reduce 21
	TIMES  reduce 21
	DIV  reduce 21
	MOD  reduce 21
	FPLUS  reduce 21
	FMINUS  reduce 21
	FDIV  reduce 21
	FTIMES  reduce 21
	FMOD  reduce 21
	LET  reduce 21
	WHERE  reduce 21
	AND  reduce 21
	IN  reduce 21
	THEN  reduce 21
	ELSE  reduce 21
	VAL  reduce 21
	COLON  reduce 21
	DCOLON  reduce 21
	BAND  reduce 21
	BOR  reduce 21
	DOUBLEEQUALS  reduce 21
	LT  reduce 21
	LTE  reduce 21
	GT  reduce 21
	GTE  reduce 21


state 135
	multVars : VARIABLE COMMA multVars .  (52)

	.  reduce 52


state 136
	binding : LPAREN VARIABLE COMMA multVars RPAREN EQUALS . expr  (13)

	MATCH  shift 25
	LPAREN  shift 26
	LBRACKET  shift 27
	GUARDDOT  shift 28
	LAMBDA  shift 29
	LET  shift 3
	IF  shift 30
	TRUE  shift 31
	FALSE  shift 32
	PRINT  shift 33
	ORD  shift 34
	CHR  shift 35
	FPTOSI  shift 36
	SITOFP  shift 37
	BNOT  shift 38
	UNIT  shift 39
	LITERAL  shift 40
	CLITERAL  shift 41
	FLITERAL  shift 42
	VARIABLE  shift 43
	.  error

	letBinding  goto 44
	expr  goto 144
	call  goto 46
	arg  goto 47


state 137
	consVars : VARIABLE DCOLON consVars .  (54)

	.  reduce 54


state 138
	binding : LPAREN VARIABLE DCOLON consVars RPAREN EQUALS . expr  (14)

	MATCH  shift 25
	LPAREN  shift 26
	LBRACKET  shift 27
	GUARDDOT  shift 28
	LAMBDA  shift 29
	LET  shift 3
	IF  shift 30
	TRUE  shift 31
	FALSE  shift 32
	PRINT  shift 33
	ORD  shift 34
	CHR  shift 35
	FPTOSI  shift 36
	SITOFP  shift 37
	BNOT  shift 38
	UNIT  shift 39
	LITERAL  shift 40
	CLITERAL  shift 41
	FLITERAL  shift 42
	VARIABLE  shift 43
	.  error

	letBinding  goto 44
	expr  goto 145
	call  goto 46
	arg  goto 47


state 139
	patternMatrix : GUARD . expr DARROW expr  (59)
	patternMatrix : GUARD . OTHERWISE DARROW expr  (60)
	patternMatrix : GUARD . expr DARROW expr patternMatrix  (61)

	MATCH  shift 25
	LPAREN  shift 26
	LBRACKET  shift 27
	GUARDDOT  shift 28
	LAMBDA  shift 29
	LET  shift 3
	IF  shift 30
	OTHERWISE  shift 146
	TRUE  shift 31
	FALSE  shift 32
	PRINT  shift 33
	ORD  shift 34
	CHR  shift 35
	FPTOSI  shift 36
	SITOFP  shift 37
	BNOT  shift 38
	UNIT  shift 39
	LITERAL  shift 40
	CLITERAL  shift 41
	FLITERAL  shift 42
	VARIABLE  shift 43
	.  error

	letBinding  goto 44
	expr  goto 147
	call  goto 46
	arg  goto 47


state 140
	expr : MATCH expr WITH patternMatrix . SEMICOLON  (46)

	SEMICOLON  shift 148
	.  error


state 141
	lst : expr COMMA lst .  (58)

	.  reduce 58


state 142
	expr : expr . COLON monoType  (23)
	expr : expr . PLUS expr  (26)
	expr : expr . MINUS expr  (27)
	expr : expr . TIMES expr  (28)
	expr : expr . DIV expr  (29)
	expr : expr . MOD expr  (30)
	expr : expr . FPLUS expr  (31)
	expr : expr . FMINUS expr  (32)
	expr : expr . FTIMES expr  (33)
	expr : expr . FDIV expr  (34)
	expr : expr . FMOD expr  (35)
	expr : expr . BAND expr  (36)
	expr : expr . BOR expr  (37)
	expr : expr . DCOLON expr  (38)
	expr : expr . DOUBLEEQUALS expr  (39)
	expr : expr . LT expr  (40)
	expr : expr . LTE expr  (41)
	expr : expr . GT expr  (42)
	expr : expr . GTE expr  (43)
	lambda : VARIABLE ARROW expr .  (62)

	PLUS  shift 76
	MINUS  shift 77
	TIMES  shift 78
	DIV  shift 79
	MOD  shift 80
	FPLUS  shift 81
	FMINUS  shift 82
	FDIV  shift 83
	FTIMES  shift 84
	FMOD  shift 85
	COLON  shift 86
	DCOLON  shift 87
	BAND  shift 88
	BOR  shift 89
	DOUBLEEQUALS  shift 90
	LT  shift 91
	LTE  shift 92
	GT  shift 93
	GTE  shift 94
	$end  reduce 62
	WITH  reduce 62
	GUARD  reduce 62
	SEMICOLON  reduce 62
	RPAREN  reduce 62
	RBRACKET  reduce 62
	COMMA  reduce 62
	DOTGUARD  reduce 62
	DARROW  reduce 62
	LET  reduce 62
	WHERE  reduce 62
	AND  reduce 62
	IN  reduce 62
	THEN  reduce 62
	ELSE  reduce 62
	VAL  reduce 62


state 143
	expr : expr . COLON monoType  (23)
	expr : expr . PLUS expr  (26)
	expr : expr . MINUS expr  (27)
	expr : expr . TIMES expr  (28)
	expr : expr . DIV expr  (29)
	expr : expr . MOD expr  (30)
	expr : expr . FPLUS expr  (31)
	expr : expr . FMINUS expr  (32)
	expr : expr . FTIMES expr  (33)
	expr : expr . FDIV expr  (34)
	expr : expr . FMOD expr  (35)
	expr : expr . BAND expr  (36)
	expr : expr . BOR expr  (37)
	expr : expr . DCOLON expr  (38)
	expr : expr . DOUBLEEQUALS expr  (39)
	expr : expr . LT expr  (40)
	expr : expr . LTE expr  (41)
	expr : expr . GT expr  (42)
	expr : expr . GTE expr  (43)
	expr : IF expr THEN expr . ELSE expr  (45)

	PLUS  shift 76
	MINUS  shift 77
	TIMES  shift 78
	DIV  shift 79
	MOD  shift 80
	FPLUS  shift 81
	FMINUS  shift 82
	FDIV  shift 83
	FTIMES  shift 84
	FMOD  shift 85
	ELSE  shift 149
	COLON  shift 86
	DCOLON  shift 87
	BAND  shift 88
	BOR  shift 89
	DOUBLEEQUALS  shift 90
	LT  shift 91
	LTE  shift 92
	GT  shift 93
	GTE  shift 94
	.  error


state 144
	binding : LPAREN VARIABLE COMMA multVars RPAREN EQUALS expr .  (13)
	expr : expr . COLON monoType  (23)
	expr : expr . PLUS expr  (26)
	expr : expr . MINUS expr  (27)
	expr : expr . TIMES expr  (28)
	expr : expr . DIV expr  (29)
	expr : expr . MOD expr  (30)
	expr : expr . FPLUS expr  (31)
	expr : expr . FMINUS expr  (32)
	expr : expr . FTIMES expr  (33)
	expr : expr . FDIV expr  (34)
	expr : expr . FMOD expr  (35)
	expr : expr . BAND expr  (36)
	expr : expr . BOR expr  (37)
	expr : expr . DCOLON expr  (38)
	expr : expr . DOUBLEEQUALS expr  (39)
	expr : expr . LT expr  (40)
	expr : expr . LTE expr  (41)
	expr : expr . GT expr  (42)
	expr : expr . GTE expr  (43)

	PLUS  shift 76
	MINUS  shift 77
	TIMES  shift 78
	DIV  shift 79
	MOD  shift 80
	FPLUS  shift 81
	FMINUS  shift 82
	FDIV  shift 83
	FTIMES  shift 84
	FMOD  shift 85
	COLON  shift 86
	DCOLON  shift 87
	BAND  shift 88
	BOR  shift 89
	DOUBLEEQUALS  shift 90
	LT  shift 91
	LTE  shift 92
	GT  shift 93
	GTE  shift 94
	$end  reduce 13
	LET  reduce 13
	WHERE  reduce 13
	AND  reduce 13
	IN  reduce 13
	VAL  reduce 13


state 145
	binding : LPAREN VARIABLE DCOLON consVars RPAREN EQUALS expr .  (14)
	expr : expr . COLON monoType  (23)
	expr : expr . PLUS expr  (26)
	expr : expr . MINUS expr  (27)
	expr : expr . TIMES expr  (28)
	expr : expr . DIV expr  (29)
	expr : expr . MOD expr  (30)
	expr : expr . FPLUS expr  (31)
	expr : expr . FMINUS expr  (32)
	expr : expr . FTIMES expr  (33)
	expr : expr . FDIV expr  (34)
	expr : expr . FMOD expr  (35)
	expr : expr . BAND expr  (36)
	expr : expr . BOR expr  (37)
	expr : expr . DCOLON expr  (38)
	expr : expr . DOUBLEEQUALS expr  (39)
	expr : expr . LT expr  (40)
	expr : expr . LTE expr  (41)
	expr : expr . GT expr  (42)
	expr : expr . GTE expr  (43)

	PLUS  shift 76
	MINUS  shift 77
	TIMES  shift 78
	DIV  shift 79
	MOD  shift 80
	FPLUS  shift 81
	FMINUS  shift 82
	FDIV  shift 83
	FTIMES  shift 84
	FMOD  shift 85
	COLON  shift 86
	DCOLON  shift 87
	BAND  shift 88
	BOR  shift 89
	DOUBLEEQUALS  shift 90
	LT  shift 91
	LTE  shift 92
	GT  shift 93
	GTE  shift 94
	$end  reduce 14
	LET  reduce 14
	WHERE  reduce 14
	AND  reduce 14
	IN  reduce 14
	VAL  reduce 14


state 146
	patternMatrix : GUARD OTHERWISE . DARROW expr  (60)

	DARROW  shift 150
	.  error


state 147
	expr : expr . COLON monoType  (23)
	expr : expr . PLUS expr  (26)
	expr : expr . MINUS expr  (27)
	expr : expr . TIMES expr  (28)
	expr : expr . DIV expr  (29)
	expr : expr . MOD expr  (30)
	expr : expr . FPLUS expr  (31)
	expr : expr . FMINUS expr  (32)
	expr : expr . FTIMES expr  (33)
	expr : expr . FDIV expr  (34)
	expr : expr . FMOD expr  (35)
	expr : expr . BAND expr  (36)
	expr : expr . BOR expr  (37)
	expr : expr . DCOLON expr  (38)
	expr : expr . DOUBLEEQUALS expr  (39)
	expr : expr . LT expr  (40)
	expr : expr . LTE expr  (41)
	expr : expr . GT expr  (42)
	expr : expr . GTE expr  (43)
	patternMatrix : GUARD expr . DARROW expr  (59)
	patternMatrix : GUARD expr . DARROW expr patternMatrix  (61)

	DARROW  shift 151
	PLUS  shift 76
	MINUS  shift 77
	TIMES  shift 78
	DIV  shift 79
	MOD  shift 80
	FPLUS  shift 81
	FMINUS  shift 82
	FDIV  shift 83
	FTIMES  shift 84
	FMOD  shift 85
	COLON  shift 86
	DCOLON  shift 87
	BAND  shift 88
	BOR  shift 89
	DOUBLEEQUALS  shift 90
	LT  shift 91
	LTE  shift 92
	GT  shift 93
	GTE  shift 94
	.  error


state 148
	expr : MATCH expr WITH patternMatrix SEMICOLON .  (46)

	.  reduce 46


state 149
	expr : IF expr THEN expr ELSE . expr  (45)

	MATCH  shift 25
	LPAREN  shift 26
	LBRACKET  shift 27
	GUARDDOT  shift 28
	LAMBDA  shift 29
	LET  shift 3
	IF  shift 30
	TRUE  shift 31
	FALSE  shift 32
	PRINT  shift 33
	ORD  shift 34
	CHR  shift 35
	FPTOSI  shift 36
	SITOFP  shift 37
	BNOT  shift 38
	UNIT  shift 39
	LITERAL  shift 40
	CLITERAL  shift 41
	FLITERAL  shift 42
	VARIABLE  shift 43
	.  error

	letBinding  goto 44
	expr  goto 152
	call  goto 46
	arg  goto 47


state 150
	patternMatrix : GUARD OTHERWISE DARROW . expr  (60)

	MATCH  shift 25
	LPAREN  shift 26
	LBRACKET  shift 27
	GUARDDOT  shift 28
	LAMBDA  shift 29
	LET  shift 3
	IF  shift 30
	TRUE  shift 31
	FALSE  shift 32
	PRINT  shift 33
	ORD  shift 34
	CHR  shift 35
	FPTOSI  shift 36
	SITOFP  shift 37
	BNOT  shift 38
	UNIT  shift 39
	LITERAL  shift 40
	CLITERAL  shift 41
	FLITERAL  shift 42
	VARIABLE  shift 43
	.  error

	letBinding  goto 44
	expr  goto 153
	call  goto 46
	arg  goto 47


state 151
	patternMatrix : GUARD expr DARROW . expr  (59)
	patternMatrix : GUARD expr DARROW . expr patternMatrix  (61)

	MATCH  shift 25
	LPAREN  shift 26
	LBRACKET  shift 27
	GUARDDOT  shift 28
	LAMBDA  shift 29
	LET  shift 3
	IF  shift 30
	TRUE  shift 31
	FALSE  shift 32
	PRINT  shift 33
	ORD  shift 34
	CHR  shift 35
	FPTOSI  shift 36
	SITOFP  shift 37
	BNOT  shift 38
	UNIT  shift 39
	LITERAL  shift 40
	CLITERAL  shift 41
	FLITERAL  shift 42
	VARIABLE  shift 43
	.  error

	letBinding  goto 44
	expr  goto 154
	call  goto 46
	arg  goto 47


state 152
	expr : expr . COLON monoType  (23)
	expr : expr . PLUS expr  (26)
	expr : expr . MINUS expr  (27)
	expr : expr . TIMES expr  (28)
	expr : expr . DIV expr  (29)
	expr : expr . MOD expr  (30)
	expr : expr . FPLUS expr  (31)
	expr : expr . FMINUS expr  (32)
	expr : expr . FTIMES expr  (33)
	expr : expr . FDIV expr  (34)
	expr : expr . FMOD expr  (35)
	expr : expr . BAND expr  (36)
	expr : expr . BOR expr  (37)
	expr : expr . DCOLON expr  (38)
	expr : expr . DOUBLEEQUALS expr  (39)
	expr : expr . LT expr  (40)
	expr : expr . LTE expr  (41)
	expr : expr . GT expr  (42)
	expr : expr . GTE expr  (43)
	expr : IF expr THEN expr ELSE expr .  (45)

	PLUS  shift 76
	MINUS  shift 77
	TIMES  shift 78
	DIV  shift 79
	MOD  shift 80
	FPLUS  shift 81
	FMINUS  shift 82
	FDIV  shift 83
	FTIMES  shift 84
	FMOD  shift 85
	COLON  shift 86
	DCOLON  shift 87
	BAND  shift 88
	BOR  shift 89
	DOUBLEEQUALS  shift 90
	LT  shift 91
	LTE  shift 92
	GT  shift 93
	GTE  shift 94
	$end  reduce 45
	WITH  reduce 45
	GUARD  reduce 45
	SEMICOLON  reduce 45
	RPAREN  reduce 45
	RBRACKET  reduce 45
	COMMA  reduce 45
	DOTGUARD  reduce 45
	DARROW  reduce 45
	LET  reduce 45
	WHERE  reduce 45
	AND  reduce 45
	IN  reduce 45
	THEN  reduce 45
	ELSE  reduce 45
	VAL  reduce 45


state 153
	expr : expr . COLON monoType  (23)
	expr : expr . PLUS expr  (26)
	expr : expr . MINUS expr  (27)
	expr : expr . TIMES expr  (28)
	expr : expr . DIV expr  (29)
	expr : expr . MOD expr  (30)
	expr : expr . FPLUS expr  (31)
	expr : expr . FMINUS expr  (32)
	expr : expr . FTIMES expr  (33)
	expr : expr . FDIV expr  (34)
	expr : expr . FMOD expr  (35)
	expr : expr . BAND expr  (36)
	expr : expr . BOR expr  (37)
	expr : expr . DCOLON expr  (38)
	expr : expr . DOUBLEEQUALS expr  (39)
	expr : expr . LT expr  (40)
	expr : expr . LTE expr  (41)
	expr : expr . GT expr  (42)
	expr : expr . GTE expr  (43)
	patternMatrix : GUARD OTHERWISE DARROW expr .  (60)

	PLUS  shift 76
	MINUS  shift 77
	TIMES  shift 78
	DIV  shift 79
	MOD  shift 80
	FPLUS  shift 81
	FMINUS  shift 82
	FDIV  shift 83
	FTIMES  shift 84
	FMOD  shift 85
	COLON  shift 86
	DCOLON  shift 87
	BAND  shift 88
	BOR  shift 89
	DOUBLEEQUALS  shift 90
	LT  shift 91
	LTE  shift 92
	GT  shift 93
	GTE  shift 94
	SEMICOLON  reduce 60


state 154
	expr : expr . COLON monoType  (23)
	expr : expr . PLUS expr  (26)
	expr : expr . MINUS expr  (27)
	expr : expr . TIMES expr  (28)
	expr : expr . DIV expr  (29)
	expr : expr . MOD expr  (30)
	expr : expr . FPLUS expr  (31)
	expr : expr . FMINUS expr  (32)
	expr : expr . FTIMES expr  (33)
	expr : expr . FDIV expr  (34)
	expr : expr . FMOD expr  (35)
	expr : expr . BAND expr  (36)
	expr : expr . BOR expr  (37)
	expr : expr . DCOLON expr  (38)
	expr : expr . DOUBLEEQUALS expr  (39)
	expr : expr . LT expr  (40)
	expr : expr . LTE expr  (41)
	expr : expr . GT expr  (42)
	expr : expr . GTE expr  (43)
	patternMatrix : GUARD expr DARROW expr .  (59)
	patternMatrix : GUARD expr DARROW expr . patternMatrix  (61)

	GUARD  shift 139
	PLUS  shift 76
	MINUS  shift 77
	TIMES  shift 78
	DIV  shift 79
	MOD  shift 80
	FPLUS  shift 81
	FMINUS  shift 82
	FDIV  shift 83
	FTIMES  shift 84
	FMOD  shift 85
	COLON  shift 86
	DCOLON  shift 87
	BAND  shift 88
	BOR  shift 89
	DOUBLEEQUALS  shift 90
	LT  shift 91
	LTE  shift 92
	GT  shift 93
	GTE  shift 94
	SEMICOLON  reduce 59

	patternMatrix  goto 155


state 155
	patternMatrix : GUARD expr DARROW expr patternMatrix .  (61)

	.  reduce 61


64 terminals, 16 nonterminals
77 grammar rules, 156 states
